2015-02-06 13:05:47.275 INFO  q.s.c.r.RandomForestBuilder (RandomForestBuilder.java:66) - Building random forest with 5 trees
2015-02-06 13:05:48.875 INFO  q.s.c.r.RandomForestBuilder (RandomForestBuilder.java:66) - Building random forest with 5 trees
2015-02-06 13:05:49.967 INFO  q.s.c.r.RandomForestBuilder (RandomForestBuilder.java:66) - Building random forest with 5 trees
2015-02-06 13:05:51.094 INFO  q.s.a.a.AttributeLossTracker (AttributeLossTracker.java:35) - ----- Attribute Loss Tracker  - Number of attributes 48 ----
2015-02-06 13:05:51.095 INFO  q.s.a.a.AttributeLossTracker (AttributeLossTracker.java:42) - Attribute: internalCreativeId, Lossfunction: RMSE, Loss: 0.23214159336131227
2015-02-06 13:05:51.096 INFO  q.s.a.a.AttributeLossTracker (AttributeLossTracker.java:42) - Attribute: seenClick, Lossfunction: RMSE, Loss: 0.2304966494396377
2015-02-06 13:05:51.096 INFO  q.s.a.a.AttributeLossTracker (AttributeLossTracker.java:42) - Attribute: zip, Lossfunction: RMSE, Loss: 0.2295499616762302
2015-02-06 13:05:51.097 INFO  q.s.a.a.AttributeLossTracker (AttributeLossTracker.java:42) - Attribute: seenCampaignClick, Lossfunction: RMSE, Loss: 0.22910652885772384
2015-02-06 13:05:51.097 INFO  q.s.a.a.AttributeLossTracker (AttributeLossTracker.java:42) - Attribute: ipA, Lossfunction: RMSE, Loss: 0.22897953042809127
2015-02-06 13:05:51.098 INFO  q.s.a.a.AttributeLossTracker (AttributeLossTracker.java:42) - Attribute: dma, Lossfunction: RMSE, Loss: 0.22895975734032495
2015-02-06 13:05:51.098 INFO  q.s.a.a.AttributeLossTracker (AttributeLossTracker.java:42) - Attribute: city, Lossfunction: RMSE, Loss: 0.22891127153736127
2015-02-06 13:05:51.099 INFO  q.s.a.a.AttributeLossTracker (AttributeLossTracker.java:42) - Attribute: seenImpression, Lossfunction: RMSE, Loss: 0.22890622840999697
2015-02-06 13:05:51.099 INFO  q.s.a.a.AttributeLossTracker (AttributeLossTracker.java:42) - Attribute: ecp, Lossfunction: RMSE, Loss: 0.22888275355090276
2015-02-06 13:05:51.099 INFO  q.s.a.a.AttributeLossTracker (AttributeLossTracker.java:42) - Attribute: seenPixel, Lossfunction: RMSE, Loss: 0.22888043076144587
2015-02-06 13:05:51.100 INFO  q.s.a.a.AttributeLossTracker (AttributeLossTracker.java:42) - Attribute: browser, Lossfunction: RMSE, Loss: 0.2288772006381615
2015-02-06 13:05:51.100 INFO  q.s.a.a.AttributeLossTracker (AttributeLossTracker.java:42) - Attribute: timeOfArrival-hourOfWeek, Lossfunction: RMSE, Loss: 0.2288770424584665
2015-02-06 13:05:51.101 INFO  q.s.a.a.AttributeLossTracker (AttributeLossTracker.java:42) - Attribute: siteId, Lossfunction: RMSE, Loss: 0.22887598658413325
2015-02-06 13:05:51.101 INFO  q.s.a.a.AttributeLossTracker (AttributeLossTracker.java:42) - Attribute: region, Lossfunction: RMSE, Loss: 0.22887141580739417
2015-02-06 13:05:51.102 INFO  q.s.a.a.AttributeLossTracker (AttributeLossTracker.java:42) - Attribute: position, Lossfunction: RMSE, Loss: 0.22887141580739417
2015-02-06 13:05:51.102 INFO  q.s.a.a.AttributeLossTracker (AttributeLossTracker.java:42) - Attribute: timeOfArrival-halfHourOfDay, Lossfunction: RMSE, Loss: 0.22887141580739417
2015-02-06 13:05:51.102 INFO  q.s.a.a.AttributeLossTracker (AttributeLossTracker.java:42) - Attribute: seenCreativeClick, Lossfunction: RMSE, Loss: 0.22887141580739417
2015-02-06 13:05:51.103 INFO  q.s.a.a.AttributeLossTracker (AttributeLossTracker.java:42) - Attribute: campaignId, Lossfunction: RMSE, Loss: 0.22887141580739417
2015-02-06 13:05:51.103 INFO  q.s.a.a.AttributeLossTracker (AttributeLossTracker.java:42) - Attribute: noCookies, Lossfunction: RMSE, Loss: 0.22887141580739417
2015-02-06 13:05:51.104 INFO  q.s.a.a.AttributeLossTracker (AttributeLossTracker.java:42) - Attribute: NO_MISSING_ATTRIBUTE, Lossfunction: RMSE, Loss: 0.22887141580739417
2015-02-06 13:05:51.104 INFO  q.s.a.a.AttributeLossTracker (AttributeLossTracker.java:42) - Attribute: ad-size, Lossfunction: RMSE, Loss: 0.22887141580739417
2015-02-06 13:05:51.105 INFO  q.s.a.a.AttributeLossTracker (AttributeLossTracker.java:42) - Attribute: publisher, Lossfunction: RMSE, Loss: 0.22887141580739417
2015-02-06 13:05:51.105 INFO  q.s.a.a.AttributeLossTracker (AttributeLossTracker.java:42) - Attribute: reservePrice, Lossfunction: RMSE, Loss: 0.22887141580739417
2015-02-06 13:05:51.106 INFO  q.s.a.a.AttributeLossTracker (AttributeLossTracker.java:42) - Attribute: timeOfArrival-minuteOfHour, Lossfunction: RMSE, Loss: 0.22887141580739417
2015-02-06 13:05:51.106 INFO  q.s.a.a.AttributeLossTracker (AttributeLossTracker.java:42) - Attribute: timeOfArrival-minuteOfDay, Lossfunction: RMSE, Loss: 0.22887141580739417
2015-02-06 13:05:51.107 INFO  q.s.a.a.AttributeLossTracker (AttributeLossTracker.java:42) - Attribute: timeOfArrival-hourOfDay, Lossfunction: RMSE, Loss: 0.22887141580739417
2015-02-06 13:05:51.107 INFO  q.s.a.a.AttributeLossTracker (AttributeLossTracker.java:42) - Attribute: domain, Lossfunction: RMSE, Loss: 0.22887141580739417
2015-02-06 13:05:51.108 INFO  q.s.a.a.AttributeLossTracker (AttributeLossTracker.java:42) - Attribute: timeOfArrival-10MinuteOfDay, Lossfunction: RMSE, Loss: 0.22887141580739417
2015-02-06 13:05:51.108 INFO  q.s.a.a.AttributeLossTracker (AttributeLossTracker.java:42) - Attribute: isSecure, Lossfunction: RMSE, Loss: 0.22887141580739417
2015-02-06 13:05:51.108 INFO  q.s.a.a.AttributeLossTracker (AttributeLossTracker.java:42) - Attribute: seenCampaignPixel, Lossfunction: RMSE, Loss: 0.22887141580739417
2015-02-06 13:05:51.109 INFO  q.s.a.a.AttributeLossTracker (AttributeLossTracker.java:42) - Attribute: timeOfArrival-dayOfMonth, Lossfunction: RMSE, Loss: 0.22887141580739417
2015-02-06 13:05:51.109 INFO  q.s.a.a.AttributeLossTracker (AttributeLossTracker.java:42) - Attribute: seenCampaignImpression, Lossfunction: RMSE, Loss: 0.22887141580739417
2015-02-06 13:05:51.110 INFO  q.s.a.a.AttributeLossTracker (AttributeLossTracker.java:42) - Attribute: country, Lossfunction: RMSE, Loss: 0.22887141580739417
2015-02-06 13:05:51.110 INFO  q.s.a.a.AttributeLossTracker (AttributeLossTracker.java:42) - Attribute: templateId, Lossfunction: RMSE, Loss: 0.22887141580739417
2015-02-06 13:05:51.111 INFO  q.s.a.a.AttributeLossTracker (AttributeLossTracker.java:42) - Attribute: operating-system, Lossfunction: RMSE, Loss: 0.22887141580739417
2015-02-06 13:05:51.111 INFO  q.s.a.a.AttributeLossTracker (AttributeLossTracker.java:42) - Attribute: timeOfArrival-year, Lossfunction: RMSE, Loss: 0.22887141580739417
2015-02-06 13:05:51.112 INFO  q.s.a.a.AttributeLossTracker (AttributeLossTracker.java:42) - Attribute: advertiserId, Lossfunction: RMSE, Loss: 0.22887141580739417
2015-02-06 13:05:51.112 INFO  q.s.a.a.AttributeLossTracker (AttributeLossTracker.java:42) - Attribute: ad-height, Lossfunction: RMSE, Loss: 0.22887141580739417
2015-02-06 13:05:51.112 INFO  q.s.a.a.AttributeLossTracker (AttributeLossTracker.java:42) - Attribute: timeOfArrival-monthOfYear, Lossfunction: RMSE, Loss: 0.22887141580739417
2015-02-06 13:05:51.113 INFO  q.s.a.a.AttributeLossTracker (AttributeLossTracker.java:42) - Attribute: ipB, Lossfunction: RMSE, Loss: 0.22886972392437943
2015-02-06 13:05:51.113 INFO  q.s.a.a.AttributeLossTracker (AttributeLossTracker.java:42) - Attribute: ad-width, Lossfunction: RMSE, Loss: 0.2287673981538521
2015-02-06 13:05:51.114 INFO  q.s.a.a.AttributeLossTracker (AttributeLossTracker.java:42) - Attribute: destinationId, Lossfunction: RMSE, Loss: 0.22873455567094134
2015-02-06 13:05:51.114 INFO  q.s.a.a.AttributeLossTracker (AttributeLossTracker.java:42) - Attribute: timeOfArrival-dayOfWeek, Lossfunction: RMSE, Loss: 0.22866823389271176
2015-02-06 13:05:51.115 INFO  q.s.a.a.AttributeLossTracker (AttributeLossTracker.java:42) - Attribute: eap, Lossfunction: RMSE, Loss: 0.22846864103715372
2015-02-06 13:05:51.115 INFO  q.s.a.a.AttributeLossTracker (AttributeLossTracker.java:42) - Attribute: seenCreativeImpression, Lossfunction: RMSE, Loss: 0.22842068705288032
2015-02-06 13:05:51.115 INFO  q.s.a.a.AttributeLossTracker (AttributeLossTracker.java:42) - Attribute: seller, Lossfunction: RMSE, Loss: 0.22839362416328196
2015-02-06 13:05:51.116 INFO  q.s.a.a.AttributeLossTracker (AttributeLossTracker.java:42) - Attribute: ipC, Lossfunction: RMSE, Loss: 0.22733751570714203
2015-02-06 13:05:51.116 INFO  q.s.a.a.AttributeLossTracker (AttributeLossTracker.java:42) - Attribute: userId, Lossfunction: RMSE, Loss: 0.223503877252516
2015-02-06 13:05:51.131 INFO  q.s.c.r.RandomForestBuilder (RandomForestBuilder.java:66) - Building random forest with 5 trees
2015-02-06 13:05:52.644 INFO  q.s.c.r.RandomForestBuilder (RandomForestBuilder.java:66) - Building random forest with 5 trees
2015-02-06 13:05:54.051 INFO  q.s.c.r.RandomForestBuilder (RandomForestBuilder.java:66) - Building random forest with 5 trees
2015-02-06 13:05:55.750 INFO  q.s.a.a.AttributeLossTracker (AttributeLossTracker.java:35) - ----- Attribute Loss Tracker  - Number of attributes 39 ----
2015-02-06 13:05:55.750 INFO  q.s.a.a.AttributeLossTracker (AttributeLossTracker.java:42) - Attribute: internalCreativeId, Lossfunction: RMSE, Loss: 0.23901795442932777
2015-02-06 13:05:55.751 INFO  q.s.a.a.AttributeLossTracker (AttributeLossTracker.java:42) - Attribute: domain, Lossfunction: RMSE, Loss: 0.23893990407381432
2015-02-06 13:05:55.751 INFO  q.s.a.a.AttributeLossTracker (AttributeLossTracker.java:42) - Attribute: seenCampaignClick, Lossfunction: RMSE, Loss: 0.23798174090245858
2015-02-06 13:05:55.752 INFO  q.s.a.a.AttributeLossTracker (AttributeLossTracker.java:42) - Attribute: ad-size, Lossfunction: RMSE, Loss: 0.23796365689144938
2015-02-06 13:05:55.752 INFO  q.s.a.a.AttributeLossTracker (AttributeLossTracker.java:42) - Attribute: seenCampaignImpression, Lossfunction: RMSE, Loss: 0.23776159437542477
2015-02-06 13:05:55.753 INFO  q.s.a.a.AttributeLossTracker (AttributeLossTracker.java:42) - Attribute: timeOfArrival-10MinuteOfDay, Lossfunction: RMSE, Loss: 0.2377317648927017
2015-02-06 13:05:55.753 INFO  q.s.a.a.AttributeLossTracker (AttributeLossTracker.java:42) - Attribute: timeOfArrival-halfHourOfDay, Lossfunction: RMSE, Loss: 0.2377156512250772
2015-02-06 13:05:55.754 INFO  q.s.a.a.AttributeLossTracker (AttributeLossTracker.java:42) - Attribute: timeOfArrival-hourOfDay, Lossfunction: RMSE, Loss: 0.23766871922374355
2015-02-06 13:05:55.754 INFO  q.s.a.a.AttributeLossTracker (AttributeLossTracker.java:42) - Attribute: noCookies, Lossfunction: RMSE, Loss: 0.2376614977964613
2015-02-06 13:05:55.755 INFO  q.s.a.a.AttributeLossTracker (AttributeLossTracker.java:42) - Attribute: NO_MISSING_ATTRIBUTE, Lossfunction: RMSE, Loss: 0.2376614977964613
2015-02-06 13:05:55.755 INFO  q.s.a.a.AttributeLossTracker (AttributeLossTracker.java:42) - Attribute: reservePrice, Lossfunction: RMSE, Loss: 0.2376614977964613
2015-02-06 13:05:55.755 INFO  q.s.a.a.AttributeLossTracker (AttributeLossTracker.java:42) - Attribute: isSecure, Lossfunction: RMSE, Loss: 0.2376614977964613
2015-02-06 13:05:55.756 INFO  q.s.a.a.AttributeLossTracker (AttributeLossTracker.java:42) - Attribute: country, Lossfunction: RMSE, Loss: 0.2376614977964613
2015-02-06 13:05:55.756 INFO  q.s.a.a.AttributeLossTracker (AttributeLossTracker.java:42) - Attribute: templateId, Lossfunction: RMSE, Loss: 0.2376614977964613
2015-02-06 13:05:55.757 INFO  q.s.a.a.AttributeLossTracker (AttributeLossTracker.java:42) - Attribute: timeOfArrival-year, Lossfunction: RMSE, Loss: 0.2376614977964613
2015-02-06 13:05:55.757 INFO  q.s.a.a.AttributeLossTracker (AttributeLossTracker.java:42) - Attribute: timeOfArrival-monthOfYear, Lossfunction: RMSE, Loss: 0.2376614977964613
2015-02-06 13:05:55.758 INFO  q.s.a.a.AttributeLossTracker (AttributeLossTracker.java:42) - Attribute: seenCreativeClick, Lossfunction: RMSE, Loss: 0.23765647183981303
2015-02-06 13:05:55.758 INFO  q.s.a.a.AttributeLossTracker (AttributeLossTracker.java:42) - Attribute: timeOfArrival-minuteOfDay, Lossfunction: RMSE, Loss: 0.23762974230182482
2015-02-06 13:05:55.759 INFO  q.s.a.a.AttributeLossTracker (AttributeLossTracker.java:42) - Attribute: ad-height, Lossfunction: RMSE, Loss: 0.23758787185387228
2015-02-06 13:05:55.759 INFO  q.s.a.a.AttributeLossTracker (AttributeLossTracker.java:42) - Attribute: publisher, Lossfunction: RMSE, Loss: 0.23755517623565656
2015-02-06 13:05:55.759 INFO  q.s.a.a.AttributeLossTracker (AttributeLossTracker.java:42) - Attribute: seenImpression, Lossfunction: RMSE, Loss: 0.23748732411835843
2015-02-06 13:05:55.760 INFO  q.s.a.a.AttributeLossTracker (AttributeLossTracker.java:42) - Attribute: region, Lossfunction: RMSE, Loss: 0.23728623390212503
2015-02-06 13:05:55.760 INFO  q.s.a.a.AttributeLossTracker (AttributeLossTracker.java:42) - Attribute: ecp, Lossfunction: RMSE, Loss: 0.2372745862652903
2015-02-06 13:05:55.761 INFO  q.s.a.a.AttributeLossTracker (AttributeLossTracker.java:42) - Attribute: operating-system, Lossfunction: RMSE, Loss: 0.23721794522874495
2015-02-06 13:05:55.761 INFO  q.s.a.a.AttributeLossTracker (AttributeLossTracker.java:42) - Attribute: position, Lossfunction: RMSE, Loss: 0.23720749780682898
2015-02-06 13:05:55.761 INFO  q.s.a.a.AttributeLossTracker (AttributeLossTracker.java:42) - Attribute: timeOfArrival-hourOfWeek, Lossfunction: RMSE, Loss: 0.23718545732986634
2015-02-06 13:05:55.762 INFO  q.s.a.a.AttributeLossTracker (AttributeLossTracker.java:42) - Attribute: seenCampaignPixel, Lossfunction: RMSE, Loss: 0.23716430331194707
2015-02-06 13:05:55.762 INFO  q.s.a.a.AttributeLossTracker (AttributeLossTracker.java:42) - Attribute: advertiserId, Lossfunction: RMSE, Loss: 0.23714198138328954
2015-02-06 13:05:55.762 INFO  q.s.a.a.AttributeLossTracker (AttributeLossTracker.java:42) - Attribute: seenClick, Lossfunction: RMSE, Loss: 0.23696406034997425
2015-02-06 13:05:55.763 INFO  q.s.a.a.AttributeLossTracker (AttributeLossTracker.java:42) - Attribute: ipA, Lossfunction: RMSE, Loss: 0.2368169603627219
2015-02-06 13:05:55.763 INFO  q.s.a.a.AttributeLossTracker (AttributeLossTracker.java:42) - Attribute: browser, Lossfunction: RMSE, Loss: 0.23676500013890786
2015-02-06 13:05:55.764 INFO  q.s.a.a.AttributeLossTracker (AttributeLossTracker.java:42) - Attribute: seenPixel, Lossfunction: RMSE, Loss: 0.23666660638918868
2015-02-06 13:05:55.764 INFO  q.s.a.a.AttributeLossTracker (AttributeLossTracker.java:42) - Attribute: campaignId, Lossfunction: RMSE, Loss: 0.23651628757022944
2015-02-06 13:05:55.764 INFO  q.s.a.a.AttributeLossTracker (AttributeLossTracker.java:42) - Attribute: siteId, Lossfunction: RMSE, Loss: 0.23630312369460713
2015-02-06 13:05:55.765 INFO  q.s.a.a.AttributeLossTracker (AttributeLossTracker.java:42) - Attribute: dma, Lossfunction: RMSE, Loss: 0.23587516100331857
2015-02-06 13:05:55.765 INFO  q.s.a.a.AttributeLossTracker (AttributeLossTracker.java:42) - Attribute: timeOfArrival-dayOfMonth, Lossfunction: RMSE, Loss: 0.23579696296978647
2015-02-06 13:05:55.765 INFO  q.s.a.a.AttributeLossTracker (AttributeLossTracker.java:42) - Attribute: timeOfArrival-minuteOfHour, Lossfunction: RMSE, Loss: 0.23571660627219077
2015-02-06 13:05:55.766 INFO  q.s.a.a.AttributeLossTracker (AttributeLossTracker.java:42) - Attribute: city, Lossfunction: RMSE, Loss: 0.2315931890643755
2015-02-06 13:05:55.766 INFO  q.s.a.a.AttributeLossTracker (AttributeLossTracker.java:42) - Attribute: zip, Lossfunction: RMSE, Loss: 0.22875785920939587
2015-02-06 13:05:55.780 INFO  q.s.c.r.RandomForestBuilder (RandomForestBuilder.java:66) - Building random forest with 5 trees
2015-02-06 13:05:56.883 INFO  q.s.c.r.RandomForestBuilder (RandomForestBuilder.java:66) - Building random forest with 5 trees
2015-02-06 13:05:58.171 INFO  q.s.c.r.RandomForestBuilder (RandomForestBuilder.java:66) - Building random forest with 5 trees
2015-02-06 13:05:59.521 INFO  q.s.a.a.AttributeLossTracker (AttributeLossTracker.java:35) - ----- Attribute Loss Tracker  - Number of attributes 31 ----
2015-02-06 13:05:59.522 INFO  q.s.a.a.AttributeLossTracker (AttributeLossTracker.java:42) - Attribute: timeOfArrival-minuteOfDay, Lossfunction: RMSE, Loss: 0.23945283347822457
2015-02-06 13:05:59.522 INFO  q.s.a.a.AttributeLossTracker (AttributeLossTracker.java:42) - Attribute: seenClick, Lossfunction: RMSE, Loss: 0.23902548957662542
2015-02-06 13:05:59.522 INFO  q.s.a.a.AttributeLossTracker (AttributeLossTracker.java:42) - Attribute: seenCreativeClick, Lossfunction: RMSE, Loss: 0.23872022471852436
2015-02-06 13:05:59.523 INFO  q.s.a.a.AttributeLossTracker (AttributeLossTracker.java:42) - Attribute: noCookies, Lossfunction: RMSE, Loss: 0.23871008246387482
2015-02-06 13:05:59.523 INFO  q.s.a.a.AttributeLossTracker (AttributeLossTracker.java:42) - Attribute: NO_MISSING_ATTRIBUTE, Lossfunction: RMSE, Loss: 0.23871008246387482
2015-02-06 13:05:59.523 INFO  q.s.a.a.AttributeLossTracker (AttributeLossTracker.java:42) - Attribute: reservePrice, Lossfunction: RMSE, Loss: 0.23871008246387482
2015-02-06 13:05:59.523 INFO  q.s.a.a.AttributeLossTracker (AttributeLossTracker.java:42) - Attribute: isSecure, Lossfunction: RMSE, Loss: 0.23871008246387482
2015-02-06 13:05:59.523 INFO  q.s.a.a.AttributeLossTracker (AttributeLossTracker.java:42) - Attribute: country, Lossfunction: RMSE, Loss: 0.23871008246387482
2015-02-06 13:05:59.524 INFO  q.s.a.a.AttributeLossTracker (AttributeLossTracker.java:42) - Attribute: templateId, Lossfunction: RMSE, Loss: 0.23871008246387482
2015-02-06 13:05:59.524 INFO  q.s.a.a.AttributeLossTracker (AttributeLossTracker.java:42) - Attribute: timeOfArrival-year, Lossfunction: RMSE, Loss: 0.23871008246387482
2015-02-06 13:05:59.524 INFO  q.s.a.a.AttributeLossTracker (AttributeLossTracker.java:42) - Attribute: timeOfArrival-monthOfYear, Lossfunction: RMSE, Loss: 0.23871008246387482
2015-02-06 13:05:59.524 INFO  q.s.a.a.AttributeLossTracker (AttributeLossTracker.java:42) - Attribute: operating-system, Lossfunction: RMSE, Loss: 0.23871002916237702
2015-02-06 13:05:59.525 INFO  q.s.a.a.AttributeLossTracker (AttributeLossTracker.java:42) - Attribute: seenCampaignImpression, Lossfunction: RMSE, Loss: 0.23806461166877183
2015-02-06 13:05:59.525 INFO  q.s.a.a.AttributeLossTracker (AttributeLossTracker.java:42) - Attribute: timeOfArrival-hourOfDay, Lossfunction: RMSE, Loss: 0.23788189671613416
2015-02-06 13:05:59.525 INFO  q.s.a.a.AttributeLossTracker (AttributeLossTracker.java:42) - Attribute: ad-size, Lossfunction: RMSE, Loss: 0.2377804361181754
2015-02-06 13:05:59.526 INFO  q.s.a.a.AttributeLossTracker (AttributeLossTracker.java:42) - Attribute: ad-height, Lossfunction: RMSE, Loss: 0.23777970012061278
2015-02-06 13:05:59.526 INFO  q.s.a.a.AttributeLossTracker (AttributeLossTracker.java:42) - Attribute: timeOfArrival-10MinuteOfDay, Lossfunction: RMSE, Loss: 0.23755573746330738
2015-02-06 13:05:59.526 INFO  q.s.a.a.AttributeLossTracker (AttributeLossTracker.java:42) - Attribute: timeOfArrival-halfHourOfDay, Lossfunction: RMSE, Loss: 0.23752182629511107
2015-02-06 13:05:59.526 INFO  q.s.a.a.AttributeLossTracker (AttributeLossTracker.java:42) - Attribute: seenCampaignClick, Lossfunction: RMSE, Loss: 0.2374050406270401
2015-02-06 13:05:59.526 INFO  q.s.a.a.AttributeLossTracker (AttributeLossTracker.java:42) - Attribute: position, Lossfunction: RMSE, Loss: 0.23725491483453717
2015-02-06 13:05:59.527 INFO  q.s.a.a.AttributeLossTracker (AttributeLossTracker.java:42) - Attribute: ecp, Lossfunction: RMSE, Loss: 0.2367963734639934
2015-02-06 13:05:59.527 INFO  q.s.a.a.AttributeLossTracker (AttributeLossTracker.java:42) - Attribute: seenImpression, Lossfunction: RMSE, Loss: 0.23679215936114362
2015-02-06 13:05:59.527 INFO  q.s.a.a.AttributeLossTracker (AttributeLossTracker.java:42) - Attribute: advertiserId, Lossfunction: RMSE, Loss: 0.23627010505204782
2015-02-06 13:05:59.527 INFO  q.s.a.a.AttributeLossTracker (AttributeLossTracker.java:42) - Attribute: timeOfArrival-minuteOfHour, Lossfunction: RMSE, Loss: 0.23558647342885009
2015-02-06 13:05:59.528 INFO  q.s.a.a.AttributeLossTracker (AttributeLossTracker.java:42) - Attribute: timeOfArrival-hourOfWeek, Lossfunction: RMSE, Loss: 0.23501178851788135
2015-02-06 13:05:59.528 INFO  q.s.a.a.AttributeLossTracker (AttributeLossTracker.java:42) - Attribute: timeOfArrival-dayOfMonth, Lossfunction: RMSE, Loss: 0.2349713439207765
2015-02-06 13:05:59.528 INFO  q.s.a.a.AttributeLossTracker (AttributeLossTracker.java:42) - Attribute: domain, Lossfunction: RMSE, Loss: 0.23466620049923978
2015-02-06 13:05:59.528 INFO  q.s.a.a.AttributeLossTracker (AttributeLossTracker.java:42) - Attribute: publisher, Lossfunction: RMSE, Loss: 0.23363702358957447
2015-02-06 13:05:59.529 INFO  q.s.a.a.AttributeLossTracker (AttributeLossTracker.java:42) - Attribute: seenCampaignPixel, Lossfunction: RMSE, Loss: 0.23309123272303883
2015-02-06 13:05:59.529 INFO  q.s.a.a.AttributeLossTracker (AttributeLossTracker.java:42) - Attribute: region, Lossfunction: RMSE, Loss: 0.22972997680943946
2015-02-06 13:05:59.529 INFO  q.s.a.a.AttributeLossTracker (AttributeLossTracker.java:42) - Attribute: internalCreativeId, Lossfunction: RMSE, Loss: 0.22950909539398776
2015-02-06 13:05:59.541 INFO  q.s.c.r.RandomForestBuilder (RandomForestBuilder.java:66) - Building random forest with 5 trees
2015-02-06 13:06:00.403 INFO  q.s.c.r.RandomForestBuilder (RandomForestBuilder.java:66) - Building random forest with 5 trees
2015-02-06 13:06:01.326 INFO  q.s.c.r.RandomForestBuilder (RandomForestBuilder.java:66) - Building random forest with 5 trees
2015-02-06 13:06:02.450 INFO  q.s.a.a.AttributeLossTracker (AttributeLossTracker.java:35) - ----- Attribute Loss Tracker  - Number of attributes 25 ----
2015-02-06 13:06:02.451 INFO  q.s.a.a.AttributeLossTracker (AttributeLossTracker.java:42) - Attribute: reservePrice, Lossfunction: RMSE, Loss: 0.2397030871167267
2015-02-06 13:06:02.451 INFO  q.s.a.a.AttributeLossTracker (AttributeLossTracker.java:42) - Attribute: noCookies, Lossfunction: RMSE, Loss: 0.23969930284758748
2015-02-06 13:06:02.451 INFO  q.s.a.a.AttributeLossTracker (AttributeLossTracker.java:42) - Attribute: isSecure, Lossfunction: RMSE, Loss: 0.23969930284758748
2015-02-06 13:06:02.451 INFO  q.s.a.a.AttributeLossTracker (AttributeLossTracker.java:42) - Attribute: NO_MISSING_ATTRIBUTE, Lossfunction: RMSE, Loss: 0.23969930284758748
2015-02-06 13:06:02.452 INFO  q.s.a.a.AttributeLossTracker (AttributeLossTracker.java:42) - Attribute: country, Lossfunction: RMSE, Loss: 0.23969930284758748
2015-02-06 13:06:02.452 INFO  q.s.a.a.AttributeLossTracker (AttributeLossTracker.java:42) - Attribute: templateId, Lossfunction: RMSE, Loss: 0.23969930284758748
2015-02-06 13:06:02.452 INFO  q.s.a.a.AttributeLossTracker (AttributeLossTracker.java:42) - Attribute: timeOfArrival-year, Lossfunction: RMSE, Loss: 0.23969930284758748
2015-02-06 13:06:02.452 INFO  q.s.a.a.AttributeLossTracker (AttributeLossTracker.java:42) - Attribute: timeOfArrival-monthOfYear, Lossfunction: RMSE, Loss: 0.23969930284758748
2015-02-06 13:06:02.452 INFO  q.s.a.a.AttributeLossTracker (AttributeLossTracker.java:42) - Attribute: seenCreativeClick, Lossfunction: RMSE, Loss: 0.23966641209889594
2015-02-06 13:06:02.453 INFO  q.s.a.a.AttributeLossTracker (AttributeLossTracker.java:42) - Attribute: ad-height, Lossfunction: RMSE, Loss: 0.23907783867870477
2015-02-06 13:06:02.453 INFO  q.s.a.a.AttributeLossTracker (AttributeLossTracker.java:42) - Attribute: timeOfArrival-hourOfDay, Lossfunction: RMSE, Loss: 0.2389488046992575
2015-02-06 13:06:02.453 INFO  q.s.a.a.AttributeLossTracker (AttributeLossTracker.java:42) - Attribute: timeOfArrival-10MinuteOfDay, Lossfunction: RMSE, Loss: 0.2389190253492693
2015-02-06 13:06:02.453 INFO  q.s.a.a.AttributeLossTracker (AttributeLossTracker.java:42) - Attribute: seenClick, Lossfunction: RMSE, Loss: 0.23853691347087294
2015-02-06 13:06:02.454 INFO  q.s.a.a.AttributeLossTracker (AttributeLossTracker.java:42) - Attribute: timeOfArrival-halfHourOfDay, Lossfunction: RMSE, Loss: 0.23783512252880376
2015-02-06 13:06:02.454 INFO  q.s.a.a.AttributeLossTracker (AttributeLossTracker.java:42) - Attribute: timeOfArrival-minuteOfDay, Lossfunction: RMSE, Loss: 0.2378059385234923
2015-02-06 13:06:02.454 INFO  q.s.a.a.AttributeLossTracker (AttributeLossTracker.java:42) - Attribute: seenCampaignClick, Lossfunction: RMSE, Loss: 0.23762117619911877
2015-02-06 13:06:02.454 INFO  q.s.a.a.AttributeLossTracker (AttributeLossTracker.java:42) - Attribute: ad-size, Lossfunction: RMSE, Loss: 0.23755431723467388
2015-02-06 13:06:02.454 INFO  q.s.a.a.AttributeLossTracker (AttributeLossTracker.java:42) - Attribute: position, Lossfunction: RMSE, Loss: 0.2374425271125385
2015-02-06 13:06:02.455 INFO  q.s.a.a.AttributeLossTracker (AttributeLossTracker.java:42) - Attribute: seenCampaignImpression, Lossfunction: RMSE, Loss: 0.23705194804201382
2015-02-06 13:06:02.455 INFO  q.s.a.a.AttributeLossTracker (AttributeLossTracker.java:42) - Attribute: operating-system, Lossfunction: RMSE, Loss: 0.23578313831642128
2015-02-06 13:06:02.455 INFO  q.s.a.a.AttributeLossTracker (AttributeLossTracker.java:42) - Attribute: ecp, Lossfunction: RMSE, Loss: 0.23576382894477796
2015-02-06 13:06:02.455 INFO  q.s.a.a.AttributeLossTracker (AttributeLossTracker.java:42) - Attribute: domain, Lossfunction: RMSE, Loss: 0.234293629593897
2015-02-06 13:06:02.456 INFO  q.s.a.a.AttributeLossTracker (AttributeLossTracker.java:42) - Attribute: timeOfArrival-minuteOfHour, Lossfunction: RMSE, Loss: 0.2337229319591059
2015-02-06 13:06:02.456 INFO  q.s.a.a.AttributeLossTracker (AttributeLossTracker.java:42) - Attribute: timeOfArrival-dayOfMonth, Lossfunction: RMSE, Loss: 0.23239558184115458
2015-02-06 13:06:02.456 INFO  q.s.a.a.AttributeLossTracker (AttributeLossTracker.java:42) - Attribute: internalCreativeId, Lossfunction: RMSE, Loss: 0.22963106269008643
2015-02-06 13:06:02.468 INFO  q.s.c.r.RandomForestBuilder (RandomForestBuilder.java:66) - Building random forest with 5 trees
2015-02-06 13:06:03.179 INFO  q.s.c.r.RandomForestBuilder (RandomForestBuilder.java:66) - Building random forest with 5 trees
2015-02-06 13:06:03.900 INFO  q.s.c.r.RandomForestBuilder (RandomForestBuilder.java:66) - Building random forest with 5 trees
2015-02-06 13:06:04.678 INFO  q.s.a.a.AttributeLossTracker (AttributeLossTracker.java:35) - ----- Attribute Loss Tracker  - Number of attributes 19 ----
2015-02-06 13:06:04.678 INFO  q.s.a.a.AttributeLossTracker (AttributeLossTracker.java:42) - Attribute: seenCreativeClick, Lossfunction: RMSE, Loss: 0.23137771083902933
2015-02-06 13:06:04.678 INFO  q.s.a.a.AttributeLossTracker (AttributeLossTracker.java:42) - Attribute: noCookies, Lossfunction: RMSE, Loss: 0.2312556539299888
2015-02-06 13:06:04.679 INFO  q.s.a.a.AttributeLossTracker (AttributeLossTracker.java:42) - Attribute: isSecure, Lossfunction: RMSE, Loss: 0.2312556539299888
2015-02-06 13:06:04.679 INFO  q.s.a.a.AttributeLossTracker (AttributeLossTracker.java:42) - Attribute: NO_MISSING_ATTRIBUTE, Lossfunction: RMSE, Loss: 0.2312556539299888
2015-02-06 13:06:04.679 INFO  q.s.a.a.AttributeLossTracker (AttributeLossTracker.java:42) - Attribute: country, Lossfunction: RMSE, Loss: 0.2312556539299888
2015-02-06 13:06:04.679 INFO  q.s.a.a.AttributeLossTracker (AttributeLossTracker.java:42) - Attribute: templateId, Lossfunction: RMSE, Loss: 0.2312556539299888
2015-02-06 13:06:04.679 INFO  q.s.a.a.AttributeLossTracker (AttributeLossTracker.java:42) - Attribute: timeOfArrival-year, Lossfunction: RMSE, Loss: 0.2312556539299888
2015-02-06 13:06:04.680 INFO  q.s.a.a.AttributeLossTracker (AttributeLossTracker.java:42) - Attribute: timeOfArrival-monthOfYear, Lossfunction: RMSE, Loss: 0.2312556539299888
2015-02-06 13:06:04.680 INFO  q.s.a.a.AttributeLossTracker (AttributeLossTracker.java:42) - Attribute: reservePrice, Lossfunction: RMSE, Loss: 0.23124375588605053
2015-02-06 13:06:04.680 INFO  q.s.a.a.AttributeLossTracker (AttributeLossTracker.java:42) - Attribute: seenClick, Lossfunction: RMSE, Loss: 0.23098871730428613
2015-02-06 13:06:04.680 INFO  q.s.a.a.AttributeLossTracker (AttributeLossTracker.java:42) - Attribute: ad-height, Lossfunction: RMSE, Loss: 0.23073894118244312
2015-02-06 13:06:04.680 INFO  q.s.a.a.AttributeLossTracker (AttributeLossTracker.java:42) - Attribute: timeOfArrival-halfHourOfDay, Lossfunction: RMSE, Loss: 0.2295942230789632
2015-02-06 13:06:04.681 INFO  q.s.a.a.AttributeLossTracker (AttributeLossTracker.java:42) - Attribute: timeOfArrival-hourOfDay, Lossfunction: RMSE, Loss: 0.22889281782155527
2015-02-06 13:06:04.681 INFO  q.s.a.a.AttributeLossTracker (AttributeLossTracker.java:42) - Attribute: timeOfArrival-minuteOfDay, Lossfunction: RMSE, Loss: 0.22843928325073723
2015-02-06 13:06:04.681 INFO  q.s.a.a.AttributeLossTracker (AttributeLossTracker.java:42) - Attribute: timeOfArrival-10MinuteOfDay, Lossfunction: RMSE, Loss: 0.22786788212001238
2015-02-06 13:06:04.681 INFO  q.s.a.a.AttributeLossTracker (AttributeLossTracker.java:42) - Attribute: timeOfArrival-dayOfMonth, Lossfunction: RMSE, Loss: 0.22717855691120145
2015-02-06 13:06:04.682 INFO  q.s.a.a.AttributeLossTracker (AttributeLossTracker.java:42) - Attribute: domain, Lossfunction: RMSE, Loss: 0.22601619521698552
2015-02-06 13:06:04.682 INFO  q.s.a.a.AttributeLossTracker (AttributeLossTracker.java:42) - Attribute: internalCreativeId, Lossfunction: RMSE, Loss: 0.2247675735421871
2015-02-06 13:06:04.682 INFO  q.s.a.a.AttributeLossTracker (AttributeLossTracker.java:42) - Attribute: timeOfArrival-minuteOfHour, Lossfunction: RMSE, Loss: 0.22436706434971285
2015-02-06 13:06:04.691 INFO  q.s.c.r.RandomForestBuilder (RandomForestBuilder.java:66) - Building random forest with 5 trees
2015-02-06 13:06:05.132 INFO  q.s.c.r.RandomForestBuilder (RandomForestBuilder.java:66) - Building random forest with 5 trees
2015-02-06 13:06:05.589 INFO  q.s.c.r.RandomForestBuilder (RandomForestBuilder.java:66) - Building random forest with 5 trees
2015-02-06 13:06:06.103 INFO  q.s.a.a.AttributeLossTracker (AttributeLossTracker.java:35) - ----- Attribute Loss Tracker  - Number of attributes 14 ----
2015-02-06 13:06:06.103 INFO  q.s.a.a.AttributeLossTracker (AttributeLossTracker.java:42) - Attribute: noCookies, Lossfunction: RMSE, Loss: 0.23486877499947847
2015-02-06 13:06:06.104 INFO  q.s.a.a.AttributeLossTracker (AttributeLossTracker.java:42) - Attribute: isSecure, Lossfunction: RMSE, Loss: 0.23486877499947847
2015-02-06 13:06:06.104 INFO  q.s.a.a.AttributeLossTracker (AttributeLossTracker.java:42) - Attribute: NO_MISSING_ATTRIBUTE, Lossfunction: RMSE, Loss: 0.23486877499947847
2015-02-06 13:06:06.104 INFO  q.s.a.a.AttributeLossTracker (AttributeLossTracker.java:42) - Attribute: country, Lossfunction: RMSE, Loss: 0.23486877499947847
2015-02-06 13:06:06.104 INFO  q.s.a.a.AttributeLossTracker (AttributeLossTracker.java:42) - Attribute: templateId, Lossfunction: RMSE, Loss: 0.23486877499947847
2015-02-06 13:06:06.104 INFO  q.s.a.a.AttributeLossTracker (AttributeLossTracker.java:42) - Attribute: timeOfArrival-year, Lossfunction: RMSE, Loss: 0.23486877499947847
2015-02-06 13:06:06.105 INFO  q.s.a.a.AttributeLossTracker (AttributeLossTracker.java:42) - Attribute: timeOfArrival-monthOfYear, Lossfunction: RMSE, Loss: 0.23486877499947847
2015-02-06 13:06:06.105 INFO  q.s.a.a.AttributeLossTracker (AttributeLossTracker.java:42) - Attribute: seenCreativeClick, Lossfunction: RMSE, Loss: 0.23481622996299462
2015-02-06 13:06:06.105 INFO  q.s.a.a.AttributeLossTracker (AttributeLossTracker.java:42) - Attribute: reservePrice, Lossfunction: RMSE, Loss: 0.23475415051172474
2015-02-06 13:06:06.105 INFO  q.s.a.a.AttributeLossTracker (AttributeLossTracker.java:42) - Attribute: timeOfArrival-hourOfDay, Lossfunction: RMSE, Loss: 0.2314043906270203
2015-02-06 13:06:06.106 INFO  q.s.a.a.AttributeLossTracker (AttributeLossTracker.java:42) - Attribute: timeOfArrival-minuteOfHour, Lossfunction: RMSE, Loss: 0.22891376568543187
2015-02-06 13:06:06.106 INFO  q.s.a.a.AttributeLossTracker (AttributeLossTracker.java:42) - Attribute: timeOfArrival-dayOfMonth, Lossfunction: RMSE, Loss: 0.22768781361667237
2015-02-06 13:06:06.106 INFO  q.s.a.a.AttributeLossTracker (AttributeLossTracker.java:42) - Attribute: domain, Lossfunction: RMSE, Loss: 0.22606925955790905
2015-02-06 13:06:06.106 INFO  q.s.a.a.AttributeLossTracker (AttributeLossTracker.java:42) - Attribute: internalCreativeId, Lossfunction: RMSE, Loss: 0.22530969751451183
2015-02-06 13:06:06.113 INFO  q.s.c.r.RandomForestBuilder (RandomForestBuilder.java:66) - Building random forest with 5 trees
2015-02-06 13:06:06.453 INFO  q.s.c.r.RandomForestBuilder (RandomForestBuilder.java:66) - Building random forest with 5 trees
2015-02-06 13:06:06.794 INFO  q.s.c.r.RandomForestBuilder (RandomForestBuilder.java:66) - Building random forest with 5 trees
2015-02-06 13:06:07.153 INFO  q.s.a.a.AttributeLossTracker (AttributeLossTracker.java:35) - ----- Attribute Loss Tracker  - Number of attributes 11 ----
2015-02-06 13:06:07.153 INFO  q.s.a.a.AttributeLossTracker (AttributeLossTracker.java:42) - Attribute: timeOfArrival-year, Lossfunction: RMSE, Loss: 0.22796384405623413
2015-02-06 13:06:07.153 INFO  q.s.a.a.AttributeLossTracker (AttributeLossTracker.java:42) - Attribute: noCookies, Lossfunction: RMSE, Loss: 0.22796384405623413
2015-02-06 13:06:07.153 INFO  q.s.a.a.AttributeLossTracker (AttributeLossTracker.java:42) - Attribute: isSecure, Lossfunction: RMSE, Loss: 0.22796384405623413
2015-02-06 13:06:07.154 INFO  q.s.a.a.AttributeLossTracker (AttributeLossTracker.java:42) - Attribute: country, Lossfunction: RMSE, Loss: 0.22796384405623413
2015-02-06 13:06:07.154 INFO  q.s.a.a.AttributeLossTracker (AttributeLossTracker.java:42) - Attribute: timeOfArrival-monthOfYear, Lossfunction: RMSE, Loss: 0.22796384405623413
2015-02-06 13:06:07.154 INFO  q.s.a.a.AttributeLossTracker (AttributeLossTracker.java:42) - Attribute: NO_MISSING_ATTRIBUTE, Lossfunction: RMSE, Loss: 0.2279638440562341
2015-02-06 13:06:07.154 INFO  q.s.a.a.AttributeLossTracker (AttributeLossTracker.java:42) - Attribute: domain, Lossfunction: RMSE, Loss: 0.22634872767321607
2015-02-06 13:06:07.154 INFO  q.s.a.a.AttributeLossTracker (AttributeLossTracker.java:42) - Attribute: internalCreativeId, Lossfunction: RMSE, Loss: 0.22517635125185664
2015-02-06 13:06:07.155 INFO  q.s.a.a.AttributeLossTracker (AttributeLossTracker.java:42) - Attribute: timeOfArrival-hourOfDay, Lossfunction: RMSE, Loss: 0.2251200987769052
2015-02-06 13:06:07.155 INFO  q.s.a.a.AttributeLossTracker (AttributeLossTracker.java:42) - Attribute: timeOfArrival-minuteOfHour, Lossfunction: RMSE, Loss: 0.2248611267114285
2015-02-06 13:06:07.155 INFO  q.s.a.a.AttributeLossTracker (AttributeLossTracker.java:42) - Attribute: timeOfArrival-dayOfMonth, Lossfunction: RMSE, Loss: 0.2232008788608948
2015-02-06 13:06:07.162 INFO  q.s.c.r.RandomForestBuilder (RandomForestBuilder.java:66) - Building random forest with 5 trees
2015-02-06 13:06:07.422 INFO  q.s.c.r.RandomForestBuilder (RandomForestBuilder.java:66) - Building random forest with 5 trees
2015-02-06 13:06:07.740 INFO  q.s.c.r.RandomForestBuilder (RandomForestBuilder.java:66) - Building random forest with 5 trees
2015-02-06 13:06:08.112 INFO  q.s.a.a.AttributeLossTracker (AttributeLossTracker.java:35) - ----- Attribute Loss Tracker  - Number of attributes 8 ----
2015-02-06 13:06:08.113 INFO  q.s.a.a.AttributeLossTracker (AttributeLossTracker.java:42) - Attribute: timeOfArrival-year, Lossfunction: RMSE, Loss: 0.2289225929655143
2015-02-06 13:06:08.113 INFO  q.s.a.a.AttributeLossTracker (AttributeLossTracker.java:42) - Attribute: NO_MISSING_ATTRIBUTE, Lossfunction: RMSE, Loss: 0.2289225929655143
2015-02-06 13:06:08.113 INFO  q.s.a.a.AttributeLossTracker (AttributeLossTracker.java:42) - Attribute: timeOfArrival-monthOfYear, Lossfunction: RMSE, Loss: 0.2289225929655143
2015-02-06 13:06:08.114 INFO  q.s.a.a.AttributeLossTracker (AttributeLossTracker.java:42) - Attribute: domain, Lossfunction: RMSE, Loss: 0.22819139307883024
2015-02-06 13:06:08.114 INFO  q.s.a.a.AttributeLossTracker (AttributeLossTracker.java:42) - Attribute: timeOfArrival-hourOfDay, Lossfunction: RMSE, Loss: 0.2264316187381864
2015-02-06 13:06:08.114 INFO  q.s.a.a.AttributeLossTracker (AttributeLossTracker.java:42) - Attribute: internalCreativeId, Lossfunction: RMSE, Loss: 0.22503443647939844
2015-02-06 13:06:08.114 INFO  q.s.a.a.AttributeLossTracker (AttributeLossTracker.java:42) - Attribute: timeOfArrival-minuteOfHour, Lossfunction: RMSE, Loss: 0.22467887344093382
2015-02-06 13:06:08.114 INFO  q.s.a.a.AttributeLossTracker (AttributeLossTracker.java:42) - Attribute: timeOfArrival-dayOfMonth, Lossfunction: RMSE, Loss: 0.22285563517883236
2015-02-06 13:06:08.121 INFO  q.s.c.r.RandomForestBuilder (RandomForestBuilder.java:66) - Building random forest with 5 trees
2015-02-06 13:06:08.421 INFO  q.s.c.r.RandomForestBuilder (RandomForestBuilder.java:66) - Building random forest with 5 trees
2015-02-06 13:06:08.734 INFO  q.s.c.r.RandomForestBuilder (RandomForestBuilder.java:66) - Building random forest with 5 trees
2015-02-06 13:06:09.029 INFO  q.s.a.a.AttributeLossTracker (AttributeLossTracker.java:35) - ----- Attribute Loss Tracker  - Number of attributes 8 ----
2015-02-06 13:06:09.029 INFO  q.s.a.a.AttributeLossTracker (AttributeLossTracker.java:42) - Attribute: timeOfArrival-year, Lossfunction: RMSE, Loss: 0.23179330628282105
2015-02-06 13:06:09.029 INFO  q.s.a.a.AttributeLossTracker (AttributeLossTracker.java:42) - Attribute: NO_MISSING_ATTRIBUTE, Lossfunction: RMSE, Loss: 0.23179330628282105
2015-02-06 13:06:09.029 INFO  q.s.a.a.AttributeLossTracker (AttributeLossTracker.java:42) - Attribute: timeOfArrival-monthOfYear, Lossfunction: RMSE, Loss: 0.23179330628282105
2015-02-06 13:06:09.030 INFO  q.s.a.a.AttributeLossTracker (AttributeLossTracker.java:42) - Attribute: timeOfArrival-hourOfDay, Lossfunction: RMSE, Loss: 0.23091265425805932
2015-02-06 13:06:09.030 INFO  q.s.a.a.AttributeLossTracker (AttributeLossTracker.java:42) - Attribute: timeOfArrival-minuteOfHour, Lossfunction: RMSE, Loss: 0.22734051765680136
2015-02-06 13:06:09.030 INFO  q.s.a.a.AttributeLossTracker (AttributeLossTracker.java:42) - Attribute: internalCreativeId, Lossfunction: RMSE, Loss: 0.2265281017937357
2015-02-06 13:06:09.030 INFO  q.s.a.a.AttributeLossTracker (AttributeLossTracker.java:42) - Attribute: domain, Lossfunction: RMSE, Loss: 0.22638934969037383
2015-02-06 13:06:09.031 INFO  q.s.a.a.AttributeLossTracker (AttributeLossTracker.java:42) - Attribute: timeOfArrival-dayOfMonth, Lossfunction: RMSE, Loss: 0.2242162260915026
2015-02-06 13:06:09.038 INFO  q.s.c.r.RandomForestBuilder (RandomForestBuilder.java:66) - Building random forest with 5 trees
2015-02-06 13:06:09.333 INFO  q.s.c.r.RandomForestBuilder (RandomForestBuilder.java:66) - Building random forest with 5 trees
2015-02-06 13:06:09.649 INFO  q.s.c.r.RandomForestBuilder (RandomForestBuilder.java:66) - Building random forest with 5 trees
2015-02-06 13:06:10.007 INFO  q.s.a.a.AttributeLossTracker (AttributeLossTracker.java:35) - ----- Attribute Loss Tracker  - Number of attributes 8 ----
2015-02-06 13:06:10.007 INFO  q.s.a.a.AttributeLossTracker (AttributeLossTracker.java:42) - Attribute: timeOfArrival-year, Lossfunction: RMSE, Loss: 0.23129954243741466
2015-02-06 13:06:10.007 INFO  q.s.a.a.AttributeLossTracker (AttributeLossTracker.java:42) - Attribute: NO_MISSING_ATTRIBUTE, Lossfunction: RMSE, Loss: 0.23129954243741466
2015-02-06 13:06:10.007 INFO  q.s.a.a.AttributeLossTracker (AttributeLossTracker.java:42) - Attribute: timeOfArrival-monthOfYear, Lossfunction: RMSE, Loss: 0.23129954243741466
2015-02-06 13:06:10.008 INFO  q.s.a.a.AttributeLossTracker (AttributeLossTracker.java:42) - Attribute: timeOfArrival-hourOfDay, Lossfunction: RMSE, Loss: 0.22753464979915664
2015-02-06 13:06:10.008 INFO  q.s.a.a.AttributeLossTracker (AttributeLossTracker.java:42) - Attribute: timeOfArrival-minuteOfHour, Lossfunction: RMSE, Loss: 0.22738055673216562
2015-02-06 13:06:10.008 INFO  q.s.a.a.AttributeLossTracker (AttributeLossTracker.java:42) - Attribute: domain, Lossfunction: RMSE, Loss: 0.22684436449872203
2015-02-06 13:06:10.008 INFO  q.s.a.a.AttributeLossTracker (AttributeLossTracker.java:42) - Attribute: internalCreativeId, Lossfunction: RMSE, Loss: 0.22638506406530792
2015-02-06 13:06:10.009 INFO  q.s.a.a.AttributeLossTracker (AttributeLossTracker.java:42) - Attribute: timeOfArrival-dayOfMonth, Lossfunction: RMSE, Loss: 0.2244034131395009
[quickml.supervised.crossValidation.attributeImportance.AttributeLossTracker@e27fdb9, quickml.supervised.crossValidation.attributeImportance.AttributeLossTracker@638283f1, quickml.supervised.crossValidation.attributeImportance.AttributeLossTracker@da47641, quickml.supervised.crossValidation.attributeImportance.AttributeLossTracker@284fac66, quickml.supervised.crossValidation.attributeImportance.AttributeLossTracker@6bf7137, quickml.supervised.crossValidation.attributeImportance.AttributeLossTracker@2a1d557, quickml.supervised.crossValidation.attributeImportance.AttributeLossTracker@4ebd441a, quickml.supervised.crossValidation.attributeImportance.AttributeLossTracker@6bc22f58, quickml.supervised.crossValidation.attributeImportance.AttributeLossTracker@19b271ad, quickml.supervised.crossValidation.attributeImportance.AttributeLossTracker@12452209]

Process finished with exit code 0
