/Library/Java/JavaVirtualMachines/jdk1.7.0_45.jdk/Contents/Home/bin/java -ea -Xmx256M -Didea.launcher.port=7533 "-Didea.launcher.bin.path=/Applications/IntelliJ IDEA 14.app/Contents/bin" -Dfile.encoding=UTF-8 -classpath "/Applications/IntelliJ IDEA 14.app/Contents/lib/idea_rt.jar:/Applications/IntelliJ IDEA 14.app/Contents/plugins/junit/lib/junit-rt.jar:/Library/Java/JavaVirtualMachines/jdk1.7.0_45.jdk/Contents/Home/lib/ant-javafx.jar:/Library/Java/JavaVirtualMachines/jdk1.7.0_45.jdk/Contents/Home/lib/dt.jar:/Library/Java/JavaVirtualMachines/jdk1.7.0_45.jdk/Contents/Home/lib/javafx-doclet.jar:/Library/Java/JavaVirtualMachines/jdk1.7.0_45.jdk/Contents/Home/lib/javafx-mx.jar:/Library/Java/JavaVirtualMachines/jdk1.7.0_45.jdk/Contents/Home/lib/jconsole.jar:/Library/Java/JavaVirtualMachines/jdk1.7.0_45.jdk/Contents/Home/lib/sa-jdi.jar:/Library/Java/JavaVirtualMachines/jdk1.7.0_45.jdk/Contents/Home/lib/tools.jar:/Library/Java/JavaVirtualMachines/jdk1.7.0_45.jdk/Contents/Home/jre/lib/charsets.jar:/Library/Java/JavaVirtualMachines/jdk1.7.0_45.jdk/Contents/Home/jre/lib/deploy.jar:/Library/Java/JavaVirtualMachines/jdk1.7.0_45.jdk/Contents/Home/jre/lib/htmlconverter.jar:/Library/Java/JavaVirtualMachines/jdk1.7.0_45.jdk/Contents/Home/jre/lib/javaws.jar:/Library/Java/JavaVirtualMachines/jdk1.7.0_45.jdk/Contents/Home/jre/lib/jce.jar:/Library/Java/JavaVirtualMachines/jdk1.7.0_45.jdk/Contents/Home/jre/lib/jfr.jar:/Library/Java/JavaVirtualMachines/jdk1.7.0_45.jdk/Contents/Home/jre/lib/jfxrt.jar:/Library/Java/JavaVirtualMachines/jdk1.7.0_45.jdk/Contents/Home/jre/lib/JObjC.jar:/Library/Java/JavaVirtualMachines/jdk1.7.0_45.jdk/Contents/Home/jre/lib/jsse.jar:/Library/Java/JavaVirtualMachines/jdk1.7.0_45.jdk/Contents/Home/jre/lib/management-agent.jar:/Library/Java/JavaVirtualMachines/jdk1.7.0_45.jdk/Contents/Home/jre/lib/plugin.jar:/Library/Java/JavaVirtualMachines/jdk1.7.0_45.jdk/Contents/Home/jre/lib/resources.jar:/Library/Java/JavaVirtualMachines/jdk1.7.0_45.jdk/Contents/Home/jre/lib/rt.jar:/Library/Java/JavaVirtualMachines/jdk1.7.0_45.jdk/Contents/Home/jre/lib/ext/dnsns.jar:/Library/Java/JavaVirtualMachines/jdk1.7.0_45.jdk/Contents/Home/jre/lib/ext/localedata.jar:/Library/Java/JavaVirtualMachines/jdk1.7.0_45.jdk/Contents/Home/jre/lib/ext/sunec.jar:/Library/Java/JavaVirtualMachines/jdk1.7.0_45.jdk/Contents/Home/jre/lib/ext/sunjce_provider.jar:/Library/Java/JavaVirtualMachines/jdk1.7.0_45.jdk/Contents/Home/jre/lib/ext/sunpkcs11.jar:/Library/Java/JavaVirtualMachines/jdk1.7.0_45.jdk/Contents/Home/jre/lib/ext/zipfs.jar:/Users/Kelly/projects/onespot/quickdt/target/test-classes:/Users/Kelly/projects/onespot/quickdt/target/classes:/Users/Kelly/.m2/repository/net/sf/supercsv/super-csv/2.2.0/super-csv-2.2.0.jar:/Users/Kelly/.m2/repository/net/sf/opencsv/opencsv/2.3/opencsv-2.3.jar:/Users/Kelly/.m2/repository/jfree/jfreechart/1.0.12/jfreechart-1.0.12.jar:/Users/Kelly/.m2/repository/jfree/jcommon/1.0.15/jcommon-1.0.15.jar:/Users/Kelly/.m2/repository/com/amazonaws/aws-java-sdk/1.0.002/aws-java-sdk-1.0.002.jar:/Users/Kelly/.m2/repository/commons-logging/commons-logging/1.2/commons-logging-1.2.jar:/Users/Kelly/.m2/repository/commons-httpclient/commons-httpclient/3.1/commons-httpclient-3.1.jar:/Users/Kelly/.m2/repository/commons-codec/commons-codec/1.3/commons-codec-1.3.jar:/Users/Kelly/.m2/repository/org/codehaus/jackson/jackson-core-asl/1.4.5/jackson-core-asl-1.4.5.jar:/Users/Kelly/.m2/repository/org/apache/commons/commons-math3/3.3/commons-math3-3.3.jar:/Users/Kelly/.m2/repository/com/twitter/common/stats-util/0.0.15/stats-util-0.0.15.jar:/Users/Kelly/.m2/repository/com/twitter/common/util/0.0.44/util-0.0.44.jar:/Users/Kelly/.m2/repository/com/twitter/common/util-executor-service-shutdown/0.0.13/util-executor-service-shutdown-0.0.13.jar:/Users/Kelly/.m2/repository/com/twitter/common/jdk-logging/0.0.18/jdk-logging-0.0.18.jar:/Users/Kelly/.m2/repository/com/twitter/common/base/0.0.39/base-0.0.39.jar:/Users/Kelly/.m2/repository/com/twitter/common/util-system-mocks/0.0.27/util-system-mocks-0.0.27.jar:/Users/Kelly/.m2/repository/com/twitter/common/collections/0.0.35/collections-0.0.35.jar:/Users/Kelly/.m2/repository/com/twitter/common/quantity/0.0.31/quantity-0.0.31.jar:/Users/Kelly/.m2/repository/com/twitter/common/stats/0.0.44/stats-0.0.44.jar:/Users/Kelly/.m2/repository/com/twitter/common/stat-registry/0.0.2/stat-registry-0.0.2.jar:/Users/Kelly/.m2/repository/com/twitter/common/stat/0.0.2/stat-0.0.2.jar:/Users/Kelly/.m2/repository/com/twitter/common/stats-provider/0.0.23/stats-provider-0.0.23.jar:/Users/Kelly/.m2/repository/com/twitter/common/application-action/0.0.27/application-action-0.0.27.jar:/Users/Kelly/.m2/repository/com/twitter/common/net-util/0.0.30/net-util-0.0.30.jar:/Users/Kelly/.m2/repository/com/google/inject/guice/3.0/guice-3.0.jar:/Users/Kelly/.m2/repository/aopalliance/aopalliance/1.0/aopalliance-1.0.jar:/Users/Kelly/.m2/repository/com/twitter/common/util-sampler/0.0.22/util-sampler-0.0.22.jar:/Users/Kelly/.m2/repository/commons-lang/commons-lang/2.4/commons-lang-2.4.jar:/Users/Kelly/.m2/repository/com/google/code/findbugs/jsr305/1.3.9/jsr305-1.3.9.jar:/Users/Kelly/.m2/repository/javax/inject/javax.inject/1/javax.inject-1.jar:/Users/Kelly/.m2/repository/org/slf4j/slf4j-api/1.7.6/slf4j-api-1.7.6.jar:/Users/Kelly/.m2/repository/ch/qos/logback/logback-core/1.1.1/logback-core-1.1.1.jar:/Users/Kelly/.m2/repository/org/mockito/mockito-all/1.9.5/mockito-all-1.9.5.jar:/Users/Kelly/.m2/repository/ch/qos/logback/logback-classic/1.1.1/logback-classic-1.1.1.jar:/Users/Kelly/.m2/repository/com/google/guava/guava/15.0/guava-15.0.jar:/Users/Kelly/.m2/repository/org/javatuples/javatuples/1.2/javatuples-1.2.jar:/Users/Kelly/.m2/repository/org/testng/testng/6.8.7/testng-6.8.7.jar:/Users/Kelly/.m2/repository/org/beanshell/bsh/2.0b4/bsh-2.0b4.jar:/Users/Kelly/.m2/repository/com/beust/jcommander/1.27/jcommander-1.27.jar:/Users/Kelly/.m2/repository/org/yaml/snakeyaml/1.12/snakeyaml-1.12.jar:/Users/Kelly/.m2/repository/com/googlecode/json-simple/json-simple/1.1.1/json-simple-1.1.1.jar:/Users/Kelly/.m2/repository/com/google/code/gson/gson/2.3/gson-2.3.jar:/Users/Kelly/.m2/repository/joda-time/joda-time/1.5.2/joda-time-1.5.2.jar:/Users/Kelly/.m2/repository/org/apache/mahout/mahout-core/0.9/mahout-core-0.9.jar:/Users/Kelly/.m2/repository/org/apache/mahout/mahout-math/0.9/mahout-math-0.9.jar:/Users/Kelly/.m2/repository/org/codehaus/jackson/jackson-mapper-asl/1.9.12/jackson-mapper-asl-1.9.12.jar:/Users/Kelly/.m2/repository/org/apache/commons/commons-lang3/3.1/commons-lang3-3.1.jar:/Users/Kelly/.m2/repository/com/thoughtworks/xstream/xstream/1.4.4/xstream-1.4.4.jar:/Users/Kelly/.m2/repository/xmlpull/xmlpull/1.1.3.1/xmlpull-1.1.3.1.jar:/Users/Kelly/.m2/repository/xpp3/xpp3_min/1.1.4c/xpp3_min-1.1.4c.jar:/Users/Kelly/.m2/repository/org/apache/lucene/lucene-core/4.6.1/lucene-core-4.6.1.jar:/Users/Kelly/.m2/repository/org/apache/lucene/lucene-analyzers-common/4.6.1/lucene-analyzers-common-4.6.1.jar:/Users/Kelly/.m2/repository/org/apache/mahout/commons/commons-cli/2.0-mahout/commons-cli-2.0-mahout.jar:/Users/Kelly/.m2/repository/org/apache/solr/solr-commons-csv/3.5.0/solr-commons-csv-3.5.0.jar:/Users/Kelly/.m2/repository/org/apache/hadoop/hadoop-core/1.2.1/hadoop-core-1.2.1.jar:/Users/Kelly/.m2/repository/commons-cli/commons-cli/1.2/commons-cli-1.2.jar:/Users/Kelly/.m2/repository/com/sun/jersey/jersey-core/1.8/jersey-core-1.8.jar:/Users/Kelly/.m2/repository/com/sun/jersey/jersey-json/1.8/jersey-json-1.8.jar:/Users/Kelly/.m2/repository/org/codehaus/jettison/jettison/1.1/jettison-1.1.jar:/Users/Kelly/.m2/repository/stax/stax-api/1.0.1/stax-api-1.0.1.jar:/Users/Kelly/.m2/repository/com/sun/xml/bind/jaxb-impl/2.2.3-1/jaxb-impl-2.2.3-1.jar:/Users/Kelly/.m2/repository/javax/xml/bind/jaxb-api/2.2.2/jaxb-api-2.2.2.jar:/Users/Kelly/.m2/repository/javax/xml/stream/stax-api/1.0-2/stax-api-1.0-2.jar:/Users/Kelly/.m2/repository/javax/activation/activation/1.1/activation-1.1.jar:/Users/Kelly/.m2/repository/org/codehaus/jackson/jackson-jaxrs/1.7.1/jackson-jaxrs-1.7.1.jar:/Users/Kelly/.m2/repository/org/codehaus/jackson/jackson-xc/1.7.1/jackson-xc-1.7.1.jar:/Users/Kelly/.m2/repository/com/sun/jersey/jersey-server/1.8/jersey-server-1.8.jar:/Users/Kelly/.m2/repository/asm/asm/3.1/asm-3.1.jar:/Users/Kelly/.m2/repository/commons-io/commons-io/2.1/commons-io-2.1.jar:/Users/Kelly/.m2/repository/org/apache/commons/commons-math/2.1/commons-math-2.1.jar:/Users/Kelly/.m2/repository/commons-configuration/commons-configuration/1.6/commons-configuration-1.6.jar:/Users/Kelly/.m2/repository/commons-collections/commons-collections/3.2.1/commons-collections-3.2.1.jar:/Users/Kelly/.m2/repository/commons-digester/commons-digester/1.8/commons-digester-1.8.jar:/Users/Kelly/.m2/repository/commons-beanutils/commons-beanutils/1.7.0/commons-beanutils-1.7.0.jar:/Users/Kelly/.m2/repository/commons-beanutils/commons-beanutils-core/1.8.0/commons-beanutils-core-1.8.0.jar:/Users/Kelly/.m2/repository/commons-net/commons-net/1.4.1/commons-net-1.4.1.jar:/Users/Kelly/.m2/repository/commons-el/commons-el/1.0/commons-el-1.0.jar:/Users/Kelly/.m2/repository/org/hamcrest/hamcrest-library/1.3/hamcrest-library-1.3.jar:/Users/Kelly/.m2/repository/org/hamcrest/hamcrest-core/1.3/hamcrest-core-1.3.jar:/Users/Kelly/.m2/repository/junit/junit/4.11/junit-4.11.jar" com.intellij.rt.execution.application.AppMain com.intellij.rt.execution.junit.JUnitStarter -ideVersion5 quickml.supervised.alternative.optimizer.PredictiveModelOptimizer2IntegrationTest,testOptimizer
2015-02-06 12:35:03.665 INFO  q.s.a.o.PredictiveModelOptimizer2 (PredictiveModelOptimizer2.java:79) - Initial Configuration - {penalizeCategoricalSplitsBySplitAttributeInformationValue=true, maxDepth=2147483647, minLeafInstances=0, minScore=1.0E-14, minCatAttrOcc=5, scorer=MSEScorer{cvic=0.0}, ignoreAttrProb=0.5, numTrees=5}
2015-02-06 12:35:03.672 INFO  q.s.a.o.PredictiveModelOptimizer2 (PredictiveModelOptimizer2.java:43) - Starting iteration - 0
2015-02-06 12:35:03.687 INFO  q.s.c.r.RandomForestBuilder (RandomForestBuilder.java:66) - Building random forest with 5 trees
2015-02-06 12:35:05.263 INFO  q.s.c.r.RandomForestBuilder (RandomForestBuilder.java:66) - Building random forest with 5 trees
2015-02-06 12:35:06.414 INFO  q.s.c.r.RandomForestBuilder (RandomForestBuilder.java:66) - Building random forest with 5 trees
2015-02-06 12:35:08.007 INFO  q.s.a.o.CrossValidator (CrossValidator.java:34) - Loss 0.2270689055596209 for config {penalizeCategoricalSplitsBySplitAttributeInformationValue=true, maxDepth=2147483647, minLeafInstances=0, minScore=1.0E-14, minCatAttrOcc=5, scorer=MSEScorer{cvic=0.0}, ignoreAttrProb=0.5, numTrees=5}
2015-02-06 12:35:08.013 INFO  q.s.c.r.RandomForestBuilder (RandomForestBuilder.java:66) - Building random forest with 5 trees
2015-02-06 12:35:08.732 INFO  q.s.c.r.RandomForestBuilder (RandomForestBuilder.java:66) - Building random forest with 5 trees
2015-02-06 12:35:09.735 INFO  q.s.c.r.RandomForestBuilder (RandomForestBuilder.java:66) - Building random forest with 5 trees
2015-02-06 12:35:11.304 INFO  q.s.a.o.CrossValidator (CrossValidator.java:34) - Loss 0.22989057567064114 for config {penalizeCategoricalSplitsBySplitAttributeInformationValue=false, maxDepth=2147483647, minLeafInstances=0, minScore=1.0E-14, minCatAttrOcc=5, scorer=MSEScorer{cvic=0.0}, ignoreAttrProb=0.5, numTrees=5}
2015-02-06 12:35:11.308 INFO  q.s.c.r.RandomForestBuilder (RandomForestBuilder.java:66) - Building random forest with 5 trees
2015-02-06 12:35:12.310 INFO  q.s.c.r.RandomForestBuilder (RandomForestBuilder.java:66) - Building random forest with 5 trees
2015-02-06 12:35:13.545 INFO  q.s.c.r.RandomForestBuilder (RandomForestBuilder.java:66) - Building random forest with 5 trees
2015-02-06 12:35:15.188 INFO  q.s.a.o.CrossValidator (CrossValidator.java:34) - Loss 0.22774162690430022 for config {penalizeCategoricalSplitsBySplitAttributeInformationValue=true, maxDepth=2147483647, minLeafInstances=0, minScore=1.0E-14, minCatAttrOcc=5, scorer=MSEScorer{cvic=0.0}, ignoreAttrProb=0.5, numTrees=5}
2015-02-06 12:35:15.191 INFO  q.s.c.r.RandomForestBuilder (RandomForestBuilder.java:66) - Building random forest with 5 trees
2015-02-06 12:35:16.031 INFO  q.s.c.r.RandomForestBuilder (RandomForestBuilder.java:66) - Building random forest with 5 trees
2015-02-06 12:35:17.186 INFO  q.s.c.r.RandomForestBuilder (RandomForestBuilder.java:66) - Building random forest with 5 trees
2015-02-06 12:35:18.711 INFO  q.s.a.o.CrossValidator (CrossValidator.java:34) - Loss 0.22728589954689096 for config {penalizeCategoricalSplitsBySplitAttributeInformationValue=true, maxDepth=2147483647, minLeafInstances=10, minScore=1.0E-14, minCatAttrOcc=5, scorer=MSEScorer{cvic=0.0}, ignoreAttrProb=0.5, numTrees=5}
2015-02-06 12:35:18.715 INFO  q.s.c.r.RandomForestBuilder (RandomForestBuilder.java:66) - Building random forest with 5 trees
2015-02-06 12:35:19.394 INFO  q.s.c.r.RandomForestBuilder (RandomForestBuilder.java:66) - Building random forest with 5 trees
2015-02-06 12:35:20.329 INFO  q.s.c.r.RandomForestBuilder (RandomForestBuilder.java:66) - Building random forest with 5 trees
2015-02-06 12:35:21.553 INFO  q.s.a.o.CrossValidator (CrossValidator.java:34) - Loss 0.22535855858525125 for config {penalizeCategoricalSplitsBySplitAttributeInformationValue=true, maxDepth=2147483647, minLeafInstances=100, minScore=1.0E-14, minCatAttrOcc=5, scorer=MSEScorer{cvic=0.0}, ignoreAttrProb=0.5, numTrees=5}
2015-02-06 12:35:21.557 INFO  q.s.c.r.RandomForestBuilder (RandomForestBuilder.java:66) - Building random forest with 5 trees
2015-02-06 12:35:22.222 INFO  q.s.c.r.RandomForestBuilder (RandomForestBuilder.java:66) - Building random forest with 5 trees
2015-02-06 12:35:23.140 INFO  q.s.c.r.RandomForestBuilder (RandomForestBuilder.java:66) - Building random forest with 5 trees
2015-02-06 12:35:24.421 INFO  q.s.a.o.CrossValidator (CrossValidator.java:34) - Loss 0.22541989050529207 for config {penalizeCategoricalSplitsBySplitAttributeInformationValue=true, maxDepth=2147483647, minLeafInstances=100, minScore=1.0E-14, minCatAttrOcc=5, scorer=MSEScorer{cvic=0.0}, ignoreAttrProb=0.5, numTrees=5}
2015-02-06 12:35:24.425 INFO  q.s.c.r.RandomForestBuilder (RandomForestBuilder.java:66) - Building random forest with 5 trees
2015-02-06 12:35:24.621 INFO  q.s.c.r.RandomForestBuilder (RandomForestBuilder.java:66) - Building random forest with 5 trees
2015-02-06 12:35:24.900 INFO  q.s.c.r.RandomForestBuilder (RandomForestBuilder.java:66) - Building random forest with 5 trees
2015-02-06 12:35:25.259 INFO  q.s.a.o.CrossValidator (CrossValidator.java:34) - Loss 0.22558277101801943 for config {penalizeCategoricalSplitsBySplitAttributeInformationValue=true, maxDepth=2, minLeafInstances=100, minScore=1.0E-14, minCatAttrOcc=5, scorer=MSEScorer{cvic=0.0}, ignoreAttrProb=0.5, numTrees=5}
2015-02-06 12:35:25.264 INFO  q.s.c.r.RandomForestBuilder (RandomForestBuilder.java:66) - Building random forest with 5 trees
2015-02-06 12:35:25.565 INFO  q.s.c.r.RandomForestBuilder (RandomForestBuilder.java:66) - Building random forest with 5 trees
2015-02-06 12:35:25.952 INFO  q.s.c.r.RandomForestBuilder (RandomForestBuilder.java:66) - Building random forest with 5 trees
2015-02-06 12:35:26.440 INFO  q.s.a.o.CrossValidator (CrossValidator.java:34) - Loss 0.22511243960724384 for config {penalizeCategoricalSplitsBySplitAttributeInformationValue=true, maxDepth=3, minLeafInstances=100, minScore=1.0E-14, minCatAttrOcc=5, scorer=MSEScorer{cvic=0.0}, ignoreAttrProb=0.5, numTrees=5}
2015-02-06 12:35:26.443 INFO  q.s.c.r.RandomForestBuilder (RandomForestBuilder.java:66) - Building random forest with 5 trees
2015-02-06 12:35:26.916 INFO  q.s.c.r.RandomForestBuilder (RandomForestBuilder.java:66) - Building random forest with 5 trees
2015-02-06 12:35:27.495 INFO  q.s.c.r.RandomForestBuilder (RandomForestBuilder.java:66) - Building random forest with 5 trees
2015-02-06 12:35:28.299 INFO  q.s.a.o.CrossValidator (CrossValidator.java:34) - Loss 0.22587118989040184 for config {penalizeCategoricalSplitsBySplitAttributeInformationValue=true, maxDepth=5, minLeafInstances=100, minScore=1.0E-14, minCatAttrOcc=5, scorer=MSEScorer{cvic=0.0}, ignoreAttrProb=0.5, numTrees=5}
2015-02-06 12:35:28.305 INFO  q.s.c.r.RandomForestBuilder (RandomForestBuilder.java:66) - Building random forest with 5 trees
2015-02-06 12:35:28.798 INFO  q.s.c.r.RandomForestBuilder (RandomForestBuilder.java:66) - Building random forest with 5 trees
2015-02-06 12:35:29.423 INFO  q.s.c.r.RandomForestBuilder (RandomForestBuilder.java:66) - Building random forest with 5 trees
2015-02-06 12:35:30.263 INFO  q.s.a.o.CrossValidator (CrossValidator.java:34) - Loss 0.22551663327622198 for config {penalizeCategoricalSplitsBySplitAttributeInformationValue=true, maxDepth=6, minLeafInstances=100, minScore=1.0E-14, minCatAttrOcc=5, scorer=MSEScorer{cvic=0.0}, ignoreAttrProb=0.5, numTrees=5}
2015-02-06 12:35:30.266 INFO  q.s.c.r.RandomForestBuilder (RandomForestBuilder.java:66) - Building random forest with 5 trees
2015-02-06 12:35:30.854 INFO  q.s.c.r.RandomForestBuilder (RandomForestBuilder.java:66) - Building random forest with 5 trees
2015-02-06 12:35:31.648 INFO  q.s.c.r.RandomForestBuilder (RandomForestBuilder.java:66) - Building random forest with 5 trees
2015-02-06 12:35:32.734 INFO  q.s.a.o.CrossValidator (CrossValidator.java:34) - Loss 0.22550955391840843 for config {penalizeCategoricalSplitsBySplitAttributeInformationValue=true, maxDepth=9, minLeafInstances=100, minScore=1.0E-14, minCatAttrOcc=5, scorer=MSEScorer{cvic=0.0}, ignoreAttrProb=0.5, numTrees=5}
2015-02-06 12:35:32.738 INFO  q.s.c.r.RandomForestBuilder (RandomForestBuilder.java:66) - Building random forest with 5 trees
2015-02-06 12:35:33.024 INFO  q.s.c.r.RandomForestBuilder (RandomForestBuilder.java:66) - Building random forest with 5 trees
2015-02-06 12:35:33.389 INFO  q.s.c.r.RandomForestBuilder (RandomForestBuilder.java:66) - Building random forest with 5 trees
2015-02-06 12:35:33.911 INFO  q.s.a.o.CrossValidator (CrossValidator.java:34) - Loss 0.22526625559545777 for config {penalizeCategoricalSplitsBySplitAttributeInformationValue=true, maxDepth=3, minLeafInstances=100, minScore=1.0E-14, minCatAttrOcc=5, scorer=MSEScorer{cvic=0.0}, ignoreAttrProb=0.5, numTrees=5}
2015-02-06 12:35:33.916 INFO  q.s.c.r.RandomForestBuilder (RandomForestBuilder.java:66) - Building random forest with 5 trees
2015-02-06 12:35:34.215 INFO  q.s.c.r.RandomForestBuilder (RandomForestBuilder.java:66) - Building random forest with 5 trees
2015-02-06 12:35:34.602 INFO  q.s.c.r.RandomForestBuilder (RandomForestBuilder.java:66) - Building random forest with 5 trees
2015-02-06 12:35:35.105 INFO  q.s.a.o.CrossValidator (CrossValidator.java:34) - Loss 0.2257064838312841 for config {penalizeCategoricalSplitsBySplitAttributeInformationValue=true, maxDepth=3, minLeafInstances=100, minScore=4.9E-324, minCatAttrOcc=5, scorer=MSEScorer{cvic=0.0}, ignoreAttrProb=0.5, numTrees=5}
2015-02-06 12:35:35.108 INFO  q.s.c.r.RandomForestBuilder (RandomForestBuilder.java:66) - Building random forest with 5 trees
2015-02-06 12:35:35.391 INFO  q.s.c.r.RandomForestBuilder (RandomForestBuilder.java:66) - Building random forest with 5 trees
2015-02-06 12:35:35.780 INFO  q.s.c.r.RandomForestBuilder (RandomForestBuilder.java:66) - Building random forest with 5 trees
2015-02-06 12:35:36.293 INFO  q.s.a.o.CrossValidator (CrossValidator.java:34) - Loss 0.22531834616866167 for config {penalizeCategoricalSplitsBySplitAttributeInformationValue=true, maxDepth=3, minLeafInstances=100, minScore=0.0, minCatAttrOcc=5, scorer=MSEScorer{cvic=0.0}, ignoreAttrProb=0.5, numTrees=5}
2015-02-06 12:35:36.298 INFO  q.s.c.r.RandomForestBuilder (RandomForestBuilder.java:66) - Building random forest with 5 trees
2015-02-06 12:35:36.575 INFO  q.s.c.r.RandomForestBuilder (RandomForestBuilder.java:66) - Building random forest with 5 trees
2015-02-06 12:35:36.933 INFO  q.s.c.r.RandomForestBuilder (RandomForestBuilder.java:66) - Building random forest with 5 trees
2015-02-06 12:35:37.436 INFO  q.s.a.o.CrossValidator (CrossValidator.java:34) - Loss 0.22543136452198667 for config {penalizeCategoricalSplitsBySplitAttributeInformationValue=true, maxDepth=3, minLeafInstances=100, minScore=1.0E-6, minCatAttrOcc=5, scorer=MSEScorer{cvic=0.0}, ignoreAttrProb=0.5, numTrees=5}
2015-02-06 12:35:37.440 INFO  q.s.c.r.RandomForestBuilder (RandomForestBuilder.java:66) - Building random forest with 5 trees
2015-02-06 12:35:37.725 INFO  q.s.c.r.RandomForestBuilder (RandomForestBuilder.java:66) - Building random forest with 5 trees
2015-02-06 12:35:38.113 INFO  q.s.c.r.RandomForestBuilder (RandomForestBuilder.java:66) - Building random forest with 5 trees
2015-02-06 12:35:38.610 INFO  q.s.a.o.CrossValidator (CrossValidator.java:34) - Loss 0.2257849286348557 for config {penalizeCategoricalSplitsBySplitAttributeInformationValue=true, maxDepth=3, minLeafInstances=100, minScore=1.0E-4, minCatAttrOcc=5, scorer=MSEScorer{cvic=0.0}, ignoreAttrProb=0.5, numTrees=5}
2015-02-06 12:35:38.614 INFO  q.s.c.r.RandomForestBuilder (RandomForestBuilder.java:66) - Building random forest with 5 trees
2015-02-06 12:35:38.762 INFO  q.s.c.r.RandomForestBuilder (RandomForestBuilder.java:66) - Building random forest with 5 trees
2015-02-06 12:35:38.936 INFO  q.s.c.r.RandomForestBuilder (RandomForestBuilder.java:66) - Building random forest with 5 trees
2015-02-06 12:35:39.181 INFO  q.s.a.o.CrossValidator (CrossValidator.java:34) - Loss 0.2265648902269918 for config {penalizeCategoricalSplitsBySplitAttributeInformationValue=true, maxDepth=3, minLeafInstances=100, minScore=0.001, minCatAttrOcc=5, scorer=MSEScorer{cvic=0.0}, ignoreAttrProb=0.5, numTrees=5}
2015-02-06 12:35:39.184 INFO  q.s.c.r.RandomForestBuilder (RandomForestBuilder.java:66) - Building random forest with 5 trees
2015-02-06 12:35:39.315 INFO  q.s.c.r.RandomForestBuilder (RandomForestBuilder.java:66) - Building random forest with 5 trees
2015-02-06 12:35:39.487 INFO  q.s.c.r.RandomForestBuilder (RandomForestBuilder.java:66) - Building random forest with 5 trees
2015-02-06 12:35:39.700 INFO  q.s.a.o.CrossValidator (CrossValidator.java:34) - Loss 0.2265648902269918 for config {penalizeCategoricalSplitsBySplitAttributeInformationValue=true, maxDepth=3, minLeafInstances=100, minScore=0.01, minCatAttrOcc=5, scorer=MSEScorer{cvic=0.0}, ignoreAttrProb=0.5, numTrees=5}
2015-02-06 12:35:39.703 INFO  q.s.c.r.RandomForestBuilder (RandomForestBuilder.java:66) - Building random forest with 5 trees
2015-02-06 12:35:39.821 INFO  q.s.c.r.RandomForestBuilder (RandomForestBuilder.java:66) - Building random forest with 5 trees
2015-02-06 12:35:40.001 INFO  q.s.c.r.RandomForestBuilder (RandomForestBuilder.java:66) - Building random forest with 5 trees
2015-02-06 12:35:40.198 INFO  q.s.a.o.CrossValidator (CrossValidator.java:34) - Loss 0.2265648902269918 for config {penalizeCategoricalSplitsBySplitAttributeInformationValue=true, maxDepth=3, minLeafInstances=100, minScore=0.1, minCatAttrOcc=5, scorer=MSEScorer{cvic=0.0}, ignoreAttrProb=0.5, numTrees=5}
2015-02-06 12:35:40.201 INFO  q.s.c.r.RandomForestBuilder (RandomForestBuilder.java:66) - Building random forest with 5 trees
2015-02-06 12:35:40.506 INFO  q.s.c.r.RandomForestBuilder (RandomForestBuilder.java:66) - Building random forest with 5 trees
2015-02-06 12:35:40.889 INFO  q.s.c.r.RandomForestBuilder (RandomForestBuilder.java:66) - Building random forest with 5 trees
2015-02-06 12:35:41.378 INFO  q.s.a.o.CrossValidator (CrossValidator.java:34) - Loss 0.2251672224787439 for config {penalizeCategoricalSplitsBySplitAttributeInformationValue=true, maxDepth=3, minLeafInstances=100, minScore=1.0E-14, minCatAttrOcc=5, scorer=MSEScorer{cvic=0.0}, ignoreAttrProb=0.5, numTrees=5}
2015-02-06 12:35:41.381 INFO  q.s.c.r.RandomForestBuilder (RandomForestBuilder.java:66) - Building random forest with 5 trees
2015-02-06 12:35:41.721 INFO  q.s.c.r.RandomForestBuilder (RandomForestBuilder.java:66) - Building random forest with 5 trees
2015-02-06 12:35:42.193 INFO  q.s.c.r.RandomForestBuilder (RandomForestBuilder.java:66) - Building random forest with 5 trees
2015-02-06 12:35:42.809 INFO  q.s.a.o.CrossValidator (CrossValidator.java:34) - Loss 0.23210933182505528 for config {penalizeCategoricalSplitsBySplitAttributeInformationValue=true, maxDepth=3, minLeafInstances=100, minScore=1.0E-14, minCatAttrOcc=0, scorer=MSEScorer{cvic=0.0}, ignoreAttrProb=0.5, numTrees=5}
2015-02-06 12:35:42.812 INFO  q.s.c.r.RandomForestBuilder (RandomForestBuilder.java:66) - Building random forest with 5 trees
2015-02-06 12:35:43.126 INFO  q.s.c.r.RandomForestBuilder (RandomForestBuilder.java:66) - Building random forest with 5 trees
2015-02-06 12:35:43.530 INFO  q.s.c.r.RandomForestBuilder (RandomForestBuilder.java:66) - Building random forest with 5 trees
2015-02-06 12:35:44.086 INFO  q.s.a.o.CrossValidator (CrossValidator.java:34) - Loss 0.2323220929809368 for config {penalizeCategoricalSplitsBySplitAttributeInformationValue=true, maxDepth=3, minLeafInstances=100, minScore=1.0E-14, minCatAttrOcc=1, scorer=MSEScorer{cvic=0.0}, ignoreAttrProb=0.5, numTrees=5}
2015-02-06 12:35:44.090 INFO  q.s.c.r.RandomForestBuilder (RandomForestBuilder.java:66) - Building random forest with 5 trees
2015-02-06 12:35:44.362 INFO  q.s.c.r.RandomForestBuilder (RandomForestBuilder.java:66) - Building random forest with 5 trees
2015-02-06 12:35:44.753 INFO  q.s.c.r.RandomForestBuilder (RandomForestBuilder.java:66) - Building random forest with 5 trees
2015-02-06 12:35:45.265 INFO  q.s.a.o.CrossValidator (CrossValidator.java:34) - Loss 0.22579364440466748 for config {penalizeCategoricalSplitsBySplitAttributeInformationValue=true, maxDepth=3, minLeafInstances=100, minScore=1.0E-14, minCatAttrOcc=64, scorer=MSEScorer{cvic=0.0}, ignoreAttrProb=0.5, numTrees=5}
2015-02-06 12:35:45.269 INFO  q.s.c.r.RandomForestBuilder (RandomForestBuilder.java:66) - Building random forest with 5 trees
2015-02-06 12:35:45.394 INFO  q.s.c.r.RandomForestBuilder (RandomForestBuilder.java:66) - Building random forest with 5 trees
2015-02-06 12:35:45.557 INFO  q.s.c.r.RandomForestBuilder (RandomForestBuilder.java:66) - Building random forest with 5 trees
2015-02-06 12:35:45.871 INFO  q.s.a.o.CrossValidator (CrossValidator.java:34) - Loss 0.22659105385470346 for config {penalizeCategoricalSplitsBySplitAttributeInformationValue=true, maxDepth=3, minLeafInstances=100, minScore=1.0E-14, minCatAttrOcc=1024, scorer=MSEScorer{cvic=0.0}, ignoreAttrProb=0.5, numTrees=5}
2015-02-06 12:35:45.876 INFO  q.s.c.r.RandomForestBuilder (RandomForestBuilder.java:66) - Building random forest with 5 trees
2015-02-06 12:35:45.990 INFO  q.s.c.r.RandomForestBuilder (RandomForestBuilder.java:66) - Building random forest with 5 trees
2015-02-06 12:35:46.178 INFO  q.s.c.r.RandomForestBuilder (RandomForestBuilder.java:66) - Building random forest with 5 trees
2015-02-06 12:35:46.397 INFO  q.s.a.o.CrossValidator (CrossValidator.java:34) - Loss 0.2265648902269918 for config {penalizeCategoricalSplitsBySplitAttributeInformationValue=true, maxDepth=3, minLeafInstances=100, minScore=1.0E-14, minCatAttrOcc=4098, scorer=MSEScorer{cvic=0.0}, ignoreAttrProb=0.5, numTrees=5}
2015-02-06 12:35:46.400 INFO  q.s.c.r.RandomForestBuilder (RandomForestBuilder.java:66) - Building random forest with 5 trees
2015-02-06 12:35:46.682 INFO  q.s.c.r.RandomForestBuilder (RandomForestBuilder.java:66) - Building random forest with 5 trees
2015-02-06 12:35:47.097 INFO  q.s.c.r.RandomForestBuilder (RandomForestBuilder.java:66) - Building random forest with 5 trees
2015-02-06 12:35:47.624 INFO  q.s.a.o.CrossValidator (CrossValidator.java:34) - Loss 0.2254195729018929 for config {penalizeCategoricalSplitsBySplitAttributeInformationValue=true, maxDepth=3, minLeafInstances=100, minScore=1.0E-14, minCatAttrOcc=5, scorer=MSEScorer{cvic=0.0}, ignoreAttrProb=0.5, numTrees=5}
2015-02-06 12:35:47.629 INFO  q.s.c.r.RandomForestBuilder (RandomForestBuilder.java:66) - Building random forest with 5 trees
2015-02-06 12:35:47.945 INFO  q.s.c.r.RandomForestBuilder (RandomForestBuilder.java:66) - Building random forest with 5 trees
2015-02-06 12:35:48.334 INFO  q.s.c.r.RandomForestBuilder (RandomForestBuilder.java:66) - Building random forest with 5 trees
2015-02-06 12:35:48.829 INFO  q.s.a.o.CrossValidator (CrossValidator.java:34) - Loss 0.22549129393860154 for config {penalizeCategoricalSplitsBySplitAttributeInformationValue=true, maxDepth=3, minLeafInstances=100, minScore=1.0E-14, minCatAttrOcc=5, scorer=MSEScorer{cvic=1.0}, ignoreAttrProb=0.5, numTrees=5}
2015-02-06 12:35:48.833 INFO  q.s.c.r.RandomForestBuilder (RandomForestBuilder.java:66) - Building random forest with 5 trees
2015-02-06 12:35:49.188 INFO  q.s.c.r.RandomForestBuilder (RandomForestBuilder.java:66) - Building random forest with 5 trees
2015-02-06 12:35:49.594 INFO  q.s.c.r.RandomForestBuilder (RandomForestBuilder.java:66) - Building random forest with 5 trees
2015-02-06 12:35:50.095 INFO  q.s.a.o.CrossValidator (CrossValidator.java:34) - Loss 0.22586936604074917 for config {penalizeCategoricalSplitsBySplitAttributeInformationValue=true, maxDepth=3, minLeafInstances=100, minScore=1.0E-14, minCatAttrOcc=5, scorer=SplitDiffScorer, ignoreAttrProb=0.5, numTrees=5}
2015-02-06 12:35:50.099 INFO  q.s.c.r.RandomForestBuilder (RandomForestBuilder.java:66) - Building random forest with 5 trees
2015-02-06 12:35:50.399 INFO  q.s.c.r.RandomForestBuilder (RandomForestBuilder.java:66) - Building random forest with 5 trees
2015-02-06 12:35:50.744 INFO  q.s.c.r.RandomForestBuilder (RandomForestBuilder.java:66) - Building random forest with 5 trees
2015-02-06 12:35:51.267 INFO  q.s.a.o.CrossValidator (CrossValidator.java:34) - Loss 0.22508807873138204 for config {penalizeCategoricalSplitsBySplitAttributeInformationValue=true, maxDepth=3, minLeafInstances=100, minScore=1.0E-14, minCatAttrOcc=5, scorer=InformationGain, ignoreAttrProb=0.5, numTrees=5}
2015-02-06 12:35:51.272 INFO  q.s.c.r.RandomForestBuilder (RandomForestBuilder.java:66) - Building random forest with 5 trees
2015-02-06 12:35:51.590 INFO  q.s.c.r.RandomForestBuilder (RandomForestBuilder.java:66) - Building random forest with 5 trees
2015-02-06 12:35:51.992 INFO  q.s.c.r.RandomForestBuilder (RandomForestBuilder.java:66) - Building random forest with 5 trees
2015-02-06 12:35:52.514 INFO  q.s.a.o.CrossValidator (CrossValidator.java:34) - Loss 0.22564521963708542 for config {penalizeCategoricalSplitsBySplitAttributeInformationValue=true, maxDepth=3, minLeafInstances=100, minScore=1.0E-14, minCatAttrOcc=5, scorer=GiniImpurity, ignoreAttrProb=0.5, numTrees=5}
2015-02-06 12:35:52.517 INFO  q.s.c.r.RandomForestBuilder (RandomForestBuilder.java:66) - Building random forest with 5 trees
2015-02-06 12:35:52.845 INFO  q.s.c.r.RandomForestBuilder (RandomForestBuilder.java:66) - Building random forest with 5 trees
2015-02-06 12:35:53.252 INFO  q.s.c.r.RandomForestBuilder (RandomForestBuilder.java:66) - Building random forest with 5 trees
2015-02-06 12:35:53.784 INFO  q.s.a.o.CrossValidator (CrossValidator.java:34) - Loss 0.22534644987117494 for config {penalizeCategoricalSplitsBySplitAttributeInformationValue=true, maxDepth=3, minLeafInstances=100, minScore=1.0E-14, minCatAttrOcc=5, scorer=InformationGain, ignoreAttrProb=0.5, numTrees=5}
2015-02-06 12:35:53.788 INFO  q.s.c.r.RandomForestBuilder (RandomForestBuilder.java:66) - Building random forest with 5 trees
2015-02-06 12:35:54.262 INFO  q.s.c.r.RandomForestBuilder (RandomForestBuilder.java:66) - Building random forest with 5 trees
2015-02-06 12:35:54.901 INFO  q.s.c.r.RandomForestBuilder (RandomForestBuilder.java:66) - Building random forest with 5 trees
2015-02-06 12:35:55.820 INFO  q.s.a.o.CrossValidator (CrossValidator.java:34) - Loss 0.2257115775947844 for config {penalizeCategoricalSplitsBySplitAttributeInformationValue=true, maxDepth=3, minLeafInstances=100, minScore=1.0E-14, minCatAttrOcc=5, scorer=InformationGain, ignoreAttrProb=0.0, numTrees=5}
2015-02-06 12:35:55.825 INFO  q.s.c.r.RandomForestBuilder (RandomForestBuilder.java:66) - Building random forest with 5 trees
2015-02-06 12:35:56.283 INFO  q.s.c.r.RandomForestBuilder (RandomForestBuilder.java:66) - Building random forest with 5 trees
2015-02-06 12:35:56.884 INFO  q.s.c.r.RandomForestBuilder (RandomForestBuilder.java:66) - Building random forest with 5 trees
2015-02-06 12:35:57.680 INFO  q.s.a.o.CrossValidator (CrossValidator.java:34) - Loss 0.2254655715952268 for config {penalizeCategoricalSplitsBySplitAttributeInformationValue=true, maxDepth=3, minLeafInstances=100, minScore=1.0E-14, minCatAttrOcc=5, scorer=InformationGain, ignoreAttrProb=0.1, numTrees=5}
2015-02-06 12:35:57.684 INFO  q.s.c.r.RandomForestBuilder (RandomForestBuilder.java:66) - Building random forest with 5 trees
2015-02-06 12:35:58.091 INFO  q.s.c.r.RandomForestBuilder (RandomForestBuilder.java:66) - Building random forest with 5 trees
2015-02-06 12:35:58.638 INFO  q.s.c.r.RandomForestBuilder (RandomForestBuilder.java:66) - Building random forest with 5 trees
2015-02-06 12:35:59.450 INFO  q.s.a.o.CrossValidator (CrossValidator.java:34) - Loss 0.22552442577873494 for config {penalizeCategoricalSplitsBySplitAttributeInformationValue=true, maxDepth=3, minLeafInstances=100, minScore=1.0E-14, minCatAttrOcc=5, scorer=InformationGain, ignoreAttrProb=0.2, numTrees=5}
2015-02-06 12:35:59.454 INFO  q.s.c.r.RandomForestBuilder (RandomForestBuilder.java:66) - Building random forest with 5 trees
2015-02-06 12:35:59.841 INFO  q.s.c.r.RandomForestBuilder (RandomForestBuilder.java:66) - Building random forest with 5 trees
2015-02-06 12:36:00.270 INFO  q.s.c.r.RandomForestBuilder (RandomForestBuilder.java:66) - Building random forest with 5 trees
2015-02-06 12:36:00.872 INFO  q.s.a.o.CrossValidator (CrossValidator.java:34) - Loss 0.22536034166908267 for config {penalizeCategoricalSplitsBySplitAttributeInformationValue=true, maxDepth=3, minLeafInstances=100, minScore=1.0E-14, minCatAttrOcc=5, scorer=InformationGain, ignoreAttrProb=0.4, numTrees=5}
2015-02-06 12:36:00.877 INFO  q.s.c.r.RandomForestBuilder (RandomForestBuilder.java:66) - Building random forest with 5 trees
2015-02-06 12:36:01.087 INFO  q.s.c.r.RandomForestBuilder (RandomForestBuilder.java:66) - Building random forest with 5 trees
2015-02-06 12:36:01.381 INFO  q.s.c.r.RandomForestBuilder (RandomForestBuilder.java:66) - Building random forest with 5 trees
2015-02-06 12:36:01.786 INFO  q.s.a.o.CrossValidator (CrossValidator.java:34) - Loss 0.22542662820860432 for config {penalizeCategoricalSplitsBySplitAttributeInformationValue=true, maxDepth=3, minLeafInstances=100, minScore=1.0E-14, minCatAttrOcc=5, scorer=InformationGain, ignoreAttrProb=0.7, numTrees=5}
2015-02-06 12:36:01.789 INFO  q.s.c.r.RandomForestBuilder (RandomForestBuilder.java:66) - Building random forest with 5 trees
2015-02-06 12:36:01.967 INFO  q.s.c.r.RandomForestBuilder (RandomForestBuilder.java:66) - Building random forest with 5 trees
2015-02-06 12:36:02.201 INFO  q.s.c.r.RandomForestBuilder (RandomForestBuilder.java:66) - Building random forest with 5 trees
2015-02-06 12:36:02.504 INFO  q.s.a.o.CrossValidator (CrossValidator.java:34) - Loss 0.2257715222132037 for config {penalizeCategoricalSplitsBySplitAttributeInformationValue=true, maxDepth=3, minLeafInstances=100, minScore=1.0E-14, minCatAttrOcc=5, scorer=InformationGain, ignoreAttrProb=0.8, numTrees=5}
2015-02-06 12:36:02.508 INFO  q.s.c.r.RandomForestBuilder (RandomForestBuilder.java:66) - Building random forest with 5 trees
2015-02-06 12:36:02.641 INFO  q.s.c.r.RandomForestBuilder (RandomForestBuilder.java:66) - Building random forest with 5 trees
2015-02-06 12:36:02.806 INFO  q.s.c.r.RandomForestBuilder (RandomForestBuilder.java:66) - Building random forest with 5 trees
2015-02-06 12:36:03.016 INFO  q.s.a.o.CrossValidator (CrossValidator.java:34) - Loss 0.22512144317833002 for config {penalizeCategoricalSplitsBySplitAttributeInformationValue=true, maxDepth=3, minLeafInstances=100, minScore=1.0E-14, minCatAttrOcc=5, scorer=InformationGain, ignoreAttrProb=0.9, numTrees=5}
2015-02-06 12:36:03.021 INFO  q.s.c.r.RandomForestBuilder (RandomForestBuilder.java:66) - Building random forest with 5 trees
2015-02-06 12:36:03.143 INFO  q.s.c.r.RandomForestBuilder (RandomForestBuilder.java:66) - Building random forest with 5 trees
2015-02-06 12:36:03.299 INFO  q.s.c.r.RandomForestBuilder (RandomForestBuilder.java:66) - Building random forest with 5 trees
2015-02-06 12:36:03.483 INFO  q.s.a.o.CrossValidator (CrossValidator.java:34) - Loss 0.2261743103564789 for config {penalizeCategoricalSplitsBySplitAttributeInformationValue=true, maxDepth=3, minLeafInstances=100, minScore=1.0E-14, minCatAttrOcc=5, scorer=InformationGain, ignoreAttrProb=0.95, numTrees=5}
2015-02-06 12:36:03.487 INFO  q.s.c.r.RandomForestBuilder (RandomForestBuilder.java:66) - Building random forest with 5 trees
2015-02-06 12:36:03.557 INFO  q.s.c.r.RandomForestBuilder (RandomForestBuilder.java:66) - Building random forest with 5 trees
2015-02-06 12:36:03.637 INFO  q.s.c.r.RandomForestBuilder (RandomForestBuilder.java:66) - Building random forest with 5 trees
2015-02-06 12:36:03.729 INFO  q.s.a.o.CrossValidator (CrossValidator.java:34) - Loss 0.22650271449917755 for config {penalizeCategoricalSplitsBySplitAttributeInformationValue=true, maxDepth=3, minLeafInstances=100, minScore=1.0E-14, minCatAttrOcc=5, scorer=InformationGain, ignoreAttrProb=0.99, numTrees=5}
2015-02-06 12:36:03.732 INFO  q.s.c.r.RandomForestBuilder (RandomForestBuilder.java:66) - Building random forest with 5 trees
2015-02-06 12:36:03.857 INFO  q.s.c.r.RandomForestBuilder (RandomForestBuilder.java:66) - Building random forest with 5 trees
2015-02-06 12:36:04.024 INFO  q.s.c.r.RandomForestBuilder (RandomForestBuilder.java:66) - Building random forest with 5 trees
2015-02-06 12:36:04.236 INFO  q.s.a.o.CrossValidator (CrossValidator.java:34) - Loss 0.2254469984608726 for config {penalizeCategoricalSplitsBySplitAttributeInformationValue=true, maxDepth=3, minLeafInstances=100, minScore=1.0E-14, minCatAttrOcc=5, scorer=InformationGain, ignoreAttrProb=0.9, numTrees=5}
2015-02-06 12:36:04.239 INFO  q.s.c.r.RandomForestBuilder (RandomForestBuilder.java:66) - Building random forest with 10 trees
2015-02-06 12:36:04.518 INFO  q.s.c.r.RandomForestBuilder (RandomForestBuilder.java:66) - Building random forest with 10 trees
2015-02-06 12:36:04.897 INFO  q.s.c.r.RandomForestBuilder (RandomForestBuilder.java:66) - Building random forest with 10 trees
2015-02-06 12:36:05.347 INFO  q.s.a.o.CrossValidator (CrossValidator.java:34) - Loss 0.22566047853656832 for config {penalizeCategoricalSplitsBySplitAttributeInformationValue=true, maxDepth=3, minLeafInstances=100, minScore=1.0E-14, minCatAttrOcc=5, scorer=InformationGain, ignoreAttrProb=0.9, numTrees=10}
2015-02-06 12:36:05.348 INFO  q.s.a.o.PredictiveModelOptimizer2 (PredictiveModelOptimizer2.java:43) - Starting iteration - 1
2015-02-06 12:36:05.351 INFO  q.s.c.r.RandomForestBuilder (RandomForestBuilder.java:66) - Building random forest with 5 trees
2015-02-06 12:36:05.482 INFO  q.s.c.r.RandomForestBuilder (RandomForestBuilder.java:66) - Building random forest with 5 trees
2015-02-06 12:36:05.654 INFO  q.s.c.r.RandomForestBuilder (RandomForestBuilder.java:66) - Building random forest with 5 trees
2015-02-06 12:36:05.875 INFO  q.s.a.o.CrossValidator (CrossValidator.java:34) - Loss 0.22602835584074615 for config {penalizeCategoricalSplitsBySplitAttributeInformationValue=true, maxDepth=3, minLeafInstances=100, minScore=1.0E-14, minCatAttrOcc=5, scorer=InformationGain, ignoreAttrProb=0.9, numTrees=5}
2015-02-06 12:36:05.879 INFO  q.s.c.r.RandomForestBuilder (RandomForestBuilder.java:66) - Building random forest with 5 trees
2015-02-06 12:36:06.003 INFO  q.s.c.r.RandomForestBuilder (RandomForestBuilder.java:66) - Building random forest with 5 trees
2015-02-06 12:36:06.166 INFO  q.s.c.r.RandomForestBuilder (RandomForestBuilder.java:66) - Building random forest with 5 trees
2015-02-06 12:36:06.428 INFO  q.s.a.o.CrossValidator (CrossValidator.java:34) - Loss 0.22632821598651595 for config {penalizeCategoricalSplitsBySplitAttributeInformationValue=false, maxDepth=3, minLeafInstances=100, minScore=1.0E-14, minCatAttrOcc=5, scorer=InformationGain, ignoreAttrProb=0.9, numTrees=5}
2015-02-06 12:36:06.431 INFO  q.s.c.r.RandomForestBuilder (RandomForestBuilder.java:66) - Building random forest with 5 trees
2015-02-06 12:36:06.564 INFO  q.s.c.r.RandomForestBuilder (RandomForestBuilder.java:66) - Building random forest with 5 trees
2015-02-06 12:36:06.743 INFO  q.s.c.r.RandomForestBuilder (RandomForestBuilder.java:66) - Building random forest with 5 trees
2015-02-06 12:36:06.979 INFO  q.s.a.o.CrossValidator (CrossValidator.java:34) - Loss 0.22510646849403568 for config {penalizeCategoricalSplitsBySplitAttributeInformationValue=true, maxDepth=3, minLeafInstances=0, minScore=1.0E-14, minCatAttrOcc=5, scorer=InformationGain, ignoreAttrProb=0.9, numTrees=5}
2015-02-06 12:36:06.984 INFO  q.s.c.r.RandomForestBuilder (RandomForestBuilder.java:66) - Building random forest with 5 trees
2015-02-06 12:36:07.136 INFO  q.s.c.r.RandomForestBuilder (RandomForestBuilder.java:66) - Building random forest with 5 trees
2015-02-06 12:36:07.296 INFO  q.s.c.r.RandomForestBuilder (RandomForestBuilder.java:66) - Building random forest with 5 trees
2015-02-06 12:36:07.488 INFO  q.s.a.o.CrossValidator (CrossValidator.java:34) - Loss 0.22542550520727772 for config {penalizeCategoricalSplitsBySplitAttributeInformationValue=true, maxDepth=3, minLeafInstances=10, minScore=1.0E-14, minCatAttrOcc=5, scorer=InformationGain, ignoreAttrProb=0.9, numTrees=5}
2015-02-06 12:36:07.491 INFO  q.s.c.r.RandomForestBuilder (RandomForestBuilder.java:66) - Building random forest with 5 trees
2015-02-06 12:36:07.627 INFO  q.s.c.r.RandomForestBuilder (RandomForestBuilder.java:66) - Building random forest with 5 trees
2015-02-06 12:36:07.786 INFO  q.s.c.r.RandomForestBuilder (RandomForestBuilder.java:66) - Building random forest with 5 trees
2015-02-06 12:36:08.028 INFO  q.s.a.o.CrossValidator (CrossValidator.java:34) - Loss 0.22573240096929548 for config {penalizeCategoricalSplitsBySplitAttributeInformationValue=true, maxDepth=3, minLeafInstances=100, minScore=1.0E-14, minCatAttrOcc=5, scorer=InformationGain, ignoreAttrProb=0.9, numTrees=5}
2015-02-06 12:36:08.032 INFO  q.s.c.r.RandomForestBuilder (RandomForestBuilder.java:66) - Building random forest with 5 trees
2015-02-06 12:36:08.313 INFO  q.s.c.r.RandomForestBuilder (RandomForestBuilder.java:66) - Building random forest with 5 trees
2015-02-06 12:36:08.692 INFO  q.s.c.r.RandomForestBuilder (RandomForestBuilder.java:66) - Building random forest with 5 trees
2015-02-06 12:36:09.190 INFO  q.s.a.o.CrossValidator (CrossValidator.java:34) - Loss 0.22558049377417333 for config {penalizeCategoricalSplitsBySplitAttributeInformationValue=true, maxDepth=2147483647, minLeafInstances=0, minScore=1.0E-14, minCatAttrOcc=5, scorer=InformationGain, ignoreAttrProb=0.9, numTrees=5}
2015-02-06 12:36:09.196 INFO  q.s.c.r.RandomForestBuilder (RandomForestBuilder.java:66) - Building random forest with 5 trees
2015-02-06 12:36:09.310 INFO  q.s.c.r.RandomForestBuilder (RandomForestBuilder.java:66) - Building random forest with 5 trees
2015-02-06 12:36:09.451 INFO  q.s.c.r.RandomForestBuilder (RandomForestBuilder.java:66) - Building random forest with 5 trees
2015-02-06 12:36:09.637 INFO  q.s.a.o.CrossValidator (CrossValidator.java:34) - Loss 0.22587315345933195 for config {penalizeCategoricalSplitsBySplitAttributeInformationValue=true, maxDepth=2, minLeafInstances=0, minScore=1.0E-14, minCatAttrOcc=5, scorer=InformationGain, ignoreAttrProb=0.9, numTrees=5}
2015-02-06 12:36:09.640 INFO  q.s.c.r.RandomForestBuilder (RandomForestBuilder.java:66) - Building random forest with 5 trees
2015-02-06 12:36:09.777 INFO  q.s.c.r.RandomForestBuilder (RandomForestBuilder.java:66) - Building random forest with 5 trees
2015-02-06 12:36:09.949 INFO  q.s.c.r.RandomForestBuilder (RandomForestBuilder.java:66) - Building random forest with 5 trees
2015-02-06 12:36:10.201 INFO  q.s.a.o.CrossValidator (CrossValidator.java:34) - Loss 0.22559720409134612 for config {penalizeCategoricalSplitsBySplitAttributeInformationValue=true, maxDepth=3, minLeafInstances=0, minScore=1.0E-14, minCatAttrOcc=5, scorer=InformationGain, ignoreAttrProb=0.9, numTrees=5}
2015-02-06 12:36:10.205 INFO  q.s.c.r.RandomForestBuilder (RandomForestBuilder.java:66) - Building random forest with 5 trees
2015-02-06 12:36:10.362 INFO  q.s.c.r.RandomForestBuilder (RandomForestBuilder.java:66) - Building random forest with 5 trees
2015-02-06 12:36:10.605 INFO  q.s.c.r.RandomForestBuilder (RandomForestBuilder.java:66) - Building random forest with 5 trees
2015-02-06 12:36:10.940 INFO  q.s.a.o.CrossValidator (CrossValidator.java:34) - Loss 0.22561299645623872 for config {penalizeCategoricalSplitsBySplitAttributeInformationValue=true, maxDepth=5, minLeafInstances=0, minScore=1.0E-14, minCatAttrOcc=5, scorer=InformationGain, ignoreAttrProb=0.9, numTrees=5}
2015-02-06 12:36:10.946 INFO  q.s.c.r.RandomForestBuilder (RandomForestBuilder.java:66) - Building random forest with 5 trees
2015-02-06 12:36:11.173 INFO  q.s.c.r.RandomForestBuilder (RandomForestBuilder.java:66) - Building random forest with 5 trees
2015-02-06 12:36:11.437 INFO  q.s.c.r.RandomForestBuilder (RandomForestBuilder.java:66) - Building random forest with 5 trees
2015-02-06 12:36:11.787 INFO  q.s.a.o.CrossValidator (CrossValidator.java:34) - Loss 0.2251589791974826 for config {penalizeCategoricalSplitsBySplitAttributeInformationValue=true, maxDepth=6, minLeafInstances=0, minScore=1.0E-14, minCatAttrOcc=5, scorer=InformationGain, ignoreAttrProb=0.9, numTrees=5}
2015-02-06 12:36:11.791 INFO  q.s.c.r.RandomForestBuilder (RandomForestBuilder.java:66) - Building random forest with 5 trees
2015-02-06 12:36:12.058 INFO  q.s.c.r.RandomForestBuilder (RandomForestBuilder.java:66) - Building random forest with 5 trees
2015-02-06 12:36:12.380 INFO  q.s.c.r.RandomForestBuilder (RandomForestBuilder.java:66) - Building random forest with 5 trees
2015-02-06 12:36:12.807 INFO  q.s.a.o.CrossValidator (CrossValidator.java:34) - Loss 0.22537506496150486 for config {penalizeCategoricalSplitsBySplitAttributeInformationValue=true, maxDepth=9, minLeafInstances=0, minScore=1.0E-14, minCatAttrOcc=5, scorer=InformationGain, ignoreAttrProb=0.9, numTrees=5}
2015-02-06 12:36:12.811 INFO  q.s.c.r.RandomForestBuilder (RandomForestBuilder.java:66) - Building random forest with 5 trees
2015-02-06 12:36:13.003 INFO  q.s.c.r.RandomForestBuilder (RandomForestBuilder.java:66) - Building random forest with 5 trees
2015-02-06 12:36:13.245 INFO  q.s.c.r.RandomForestBuilder (RandomForestBuilder.java:66) - Building random forest with 5 trees
2015-02-06 12:36:13.591 INFO  q.s.a.o.CrossValidator (CrossValidator.java:34) - Loss 0.22566748375504356 for config {penalizeCategoricalSplitsBySplitAttributeInformationValue=true, maxDepth=6, minLeafInstances=0, minScore=1.0E-14, minCatAttrOcc=5, scorer=InformationGain, ignoreAttrProb=0.9, numTrees=5}
2015-02-06 12:36:13.595 INFO  q.s.c.r.RandomForestBuilder (RandomForestBuilder.java:66) - Building random forest with 5 trees
2015-02-06 12:36:13.773 INFO  q.s.c.r.RandomForestBuilder (RandomForestBuilder.java:66) - Building random forest with 5 trees
2015-02-06 12:36:14.063 INFO  q.s.c.r.RandomForestBuilder (RandomForestBuilder.java:66) - Building random forest with 5 trees
2015-02-06 12:36:14.460 INFO  q.s.a.o.CrossValidator (CrossValidator.java:34) - Loss 0.22554847848574902 for config {penalizeCategoricalSplitsBySplitAttributeInformationValue=true, maxDepth=6, minLeafInstances=0, minScore=4.9E-324, minCatAttrOcc=5, scorer=InformationGain, ignoreAttrProb=0.9, numTrees=5}
2015-02-06 12:36:14.464 INFO  q.s.c.r.RandomForestBuilder (RandomForestBuilder.java:66) - Building random forest with 5 trees
2015-02-06 12:36:14.661 INFO  q.s.c.r.RandomForestBuilder (RandomForestBuilder.java:66) - Building random forest with 5 trees
2015-02-06 12:36:14.926 INFO  q.s.c.r.RandomForestBuilder (RandomForestBuilder.java:66) - Building random forest with 5 trees
2015-02-06 12:36:15.230 INFO  q.s.a.o.CrossValidator (CrossValidator.java:34) - Loss 0.2248574589468419 for config {penalizeCategoricalSplitsBySplitAttributeInformationValue=true, maxDepth=6, minLeafInstances=0, minScore=0.0, minCatAttrOcc=5, scorer=InformationGain, ignoreAttrProb=0.9, numTrees=5}
2015-02-06 12:36:15.233 INFO  q.s.c.r.RandomForestBuilder (RandomForestBuilder.java:66) - Building random forest with 5 trees
2015-02-06 12:36:15.446 INFO  q.s.c.r.RandomForestBuilder (RandomForestBuilder.java:66) - Building random forest with 5 trees
2015-02-06 12:36:15.716 INFO  q.s.c.r.RandomForestBuilder (RandomForestBuilder.java:66) - Building random forest with 5 trees
2015-02-06 12:36:16.049 INFO  q.s.a.o.CrossValidator (CrossValidator.java:34) - Loss 0.22522973021728707 for config {penalizeCategoricalSplitsBySplitAttributeInformationValue=true, maxDepth=6, minLeafInstances=0, minScore=1.0E-6, minCatAttrOcc=5, scorer=InformationGain, ignoreAttrProb=0.9, numTrees=5}
2015-02-06 12:36:16.052 INFO  q.s.c.r.RandomForestBuilder (RandomForestBuilder.java:66) - Building random forest with 5 trees
2015-02-06 12:36:16.244 INFO  q.s.c.r.RandomForestBuilder (RandomForestBuilder.java:66) - Building random forest with 5 trees
2015-02-06 12:36:16.491 INFO  q.s.c.r.RandomForestBuilder (RandomForestBuilder.java:66) - Building random forest with 5 trees
2015-02-06 12:36:16.815 INFO  q.s.a.o.CrossValidator (CrossValidator.java:34) - Loss 0.22564273479154817 for config {penalizeCategoricalSplitsBySplitAttributeInformationValue=true, maxDepth=6, minLeafInstances=0, minScore=1.0E-4, minCatAttrOcc=5, scorer=InformationGain, ignoreAttrProb=0.9, numTrees=5}
2015-02-06 12:36:16.818 INFO  q.s.c.r.RandomForestBuilder (RandomForestBuilder.java:66) - Building random forest with 5 trees
2015-02-06 12:36:16.966 INFO  q.s.c.r.RandomForestBuilder (RandomForestBuilder.java:66) - Building random forest with 5 trees
2015-02-06 12:36:17.164 INFO  q.s.c.r.RandomForestBuilder (RandomForestBuilder.java:66) - Building random forest with 5 trees
2015-02-06 12:36:17.497 INFO  q.s.a.o.CrossValidator (CrossValidator.java:34) - Loss 0.22500764642140508 for config {penalizeCategoricalSplitsBySplitAttributeInformationValue=true, maxDepth=6, minLeafInstances=0, minScore=0.001, minCatAttrOcc=5, scorer=InformationGain, ignoreAttrProb=0.9, numTrees=5}
2015-02-06 12:36:17.500 INFO  q.s.c.r.RandomForestBuilder (RandomForestBuilder.java:66) - Building random forest with 5 trees
2015-02-06 12:36:17.569 INFO  q.s.c.r.RandomForestBuilder (RandomForestBuilder.java:66) - Building random forest with 5 trees
2015-02-06 12:36:17.657 INFO  q.s.c.r.RandomForestBuilder (RandomForestBuilder.java:66) - Building random forest with 5 trees
2015-02-06 12:36:17.810 INFO  q.s.a.o.CrossValidator (CrossValidator.java:34) - Loss 0.2265904116415395 for config {penalizeCategoricalSplitsBySplitAttributeInformationValue=true, maxDepth=6, minLeafInstances=0, minScore=0.01, minCatAttrOcc=5, scorer=InformationGain, ignoreAttrProb=0.9, numTrees=5}
2015-02-06 12:36:17.813 INFO  q.s.c.r.RandomForestBuilder (RandomForestBuilder.java:66) - Building random forest with 5 trees
2015-02-06 12:36:17.891 INFO  q.s.c.r.RandomForestBuilder (RandomForestBuilder.java:66) - Building random forest with 5 trees
2015-02-06 12:36:17.977 INFO  q.s.c.r.RandomForestBuilder (RandomForestBuilder.java:66) - Building random forest with 5 trees
2015-02-06 12:36:18.121 INFO  q.s.a.o.CrossValidator (CrossValidator.java:34) - Loss 0.2265648902269918 for config {penalizeCategoricalSplitsBySplitAttributeInformationValue=true, maxDepth=6, minLeafInstances=0, minScore=0.1, minCatAttrOcc=5, scorer=InformationGain, ignoreAttrProb=0.9, numTrees=5}
2015-02-06 12:36:18.124 INFO  q.s.c.r.RandomForestBuilder (RandomForestBuilder.java:66) - Building random forest with 5 trees
2015-02-06 12:36:18.333 INFO  q.s.c.r.RandomForestBuilder (RandomForestBuilder.java:66) - Building random forest with 5 trees
2015-02-06 12:36:18.582 INFO  q.s.c.r.RandomForestBuilder (RandomForestBuilder.java:66) - Building random forest with 5 trees
2015-02-06 12:36:18.922 INFO  q.s.a.o.CrossValidator (CrossValidator.java:34) - Loss 0.22486806963023476 for config {penalizeCategoricalSplitsBySplitAttributeInformationValue=true, maxDepth=6, minLeafInstances=0, minScore=0.0, minCatAttrOcc=5, scorer=InformationGain, ignoreAttrProb=0.9, numTrees=5}
2015-02-06 12:36:18.925 INFO  q.s.c.r.RandomForestBuilder (RandomForestBuilder.java:66) - Building random forest with 5 trees
2015-02-06 12:36:19.163 INFO  q.s.c.r.RandomForestBuilder (RandomForestBuilder.java:66) - Building random forest with 5 trees
2015-02-06 12:36:19.444 INFO  q.s.c.r.RandomForestBuilder (RandomForestBuilder.java:66) - Building random forest with 5 trees
2015-02-06 12:36:19.859 INFO  q.s.a.o.CrossValidator (CrossValidator.java:34) - Loss 0.23023080202150573 for config {penalizeCategoricalSplitsBySplitAttributeInformationValue=true, maxDepth=6, minLeafInstances=0, minScore=0.0, minCatAttrOcc=0, scorer=InformationGain, ignoreAttrProb=0.9, numTrees=5}
2015-02-06 12:36:19.861 INFO  q.s.c.r.RandomForestBuilder (RandomForestBuilder.java:66) - Building random forest with 5 trees
2015-02-06 12:36:20.080 INFO  q.s.c.r.RandomForestBuilder (RandomForestBuilder.java:66) - Building random forest with 5 trees
2015-02-06 12:36:20.351 INFO  q.s.c.r.RandomForestBuilder (RandomForestBuilder.java:66) - Building random forest with 5 trees
2015-02-06 12:36:20.729 INFO  q.s.a.o.CrossValidator (CrossValidator.java:34) - Loss 0.22663423430366306 for config {penalizeCategoricalSplitsBySplitAttributeInformationValue=true, maxDepth=6, minLeafInstances=0, minScore=0.0, minCatAttrOcc=1, scorer=InformationGain, ignoreAttrProb=0.9, numTrees=5}
2015-02-06 12:36:20.732 INFO  q.s.c.r.RandomForestBuilder (RandomForestBuilder.java:66) - Building random forest with 5 trees
2015-02-06 12:36:20.870 INFO  q.s.c.r.RandomForestBuilder (RandomForestBuilder.java:66) - Building random forest with 5 trees
2015-02-06 12:36:21.075 INFO  q.s.c.r.RandomForestBuilder (RandomForestBuilder.java:66) - Building random forest with 5 trees
2015-02-06 12:36:21.370 INFO  q.s.a.o.CrossValidator (CrossValidator.java:34) - Loss 0.22614298501467409 for config {penalizeCategoricalSplitsBySplitAttributeInformationValue=true, maxDepth=6, minLeafInstances=0, minScore=0.0, minCatAttrOcc=64, scorer=InformationGain, ignoreAttrProb=0.9, numTrees=5}
2015-02-06 12:36:21.373 INFO  q.s.c.r.RandomForestBuilder (RandomForestBuilder.java:66) - Building random forest with 5 trees
2015-02-06 12:36:21.443 INFO  q.s.c.r.RandomForestBuilder (RandomForestBuilder.java:66) - Building random forest with 5 trees
2015-02-06 12:36:21.533 INFO  q.s.c.r.RandomForestBuilder (RandomForestBuilder.java:66) - Building random forest with 5 trees
2015-02-06 12:36:21.675 INFO  q.s.a.o.CrossValidator (CrossValidator.java:34) - Loss 0.22655366828770165 for config {penalizeCategoricalSplitsBySplitAttributeInformationValue=true, maxDepth=6, minLeafInstances=0, minScore=0.0, minCatAttrOcc=1024, scorer=InformationGain, ignoreAttrProb=0.9, numTrees=5}
2015-02-06 12:36:21.678 INFO  q.s.c.r.RandomForestBuilder (RandomForestBuilder.java:66) - Building random forest with 5 trees
2015-02-06 12:36:21.758 INFO  q.s.c.r.RandomForestBuilder (RandomForestBuilder.java:66) - Building random forest with 5 trees
2015-02-06 12:36:21.862 INFO  q.s.c.r.RandomForestBuilder (RandomForestBuilder.java:66) - Building random forest with 5 trees
2015-02-06 12:36:21.978 INFO  q.s.a.o.CrossValidator (CrossValidator.java:34) - Loss 0.2265648902269918 for config {penalizeCategoricalSplitsBySplitAttributeInformationValue=true, maxDepth=6, minLeafInstances=0, minScore=0.0, minCatAttrOcc=4098, scorer=InformationGain, ignoreAttrProb=0.9, numTrees=5}
2015-02-06 12:36:21.982 INFO  q.s.c.r.RandomForestBuilder (RandomForestBuilder.java:66) - Building random forest with 5 trees
2015-02-06 12:36:22.194 INFO  q.s.c.r.RandomForestBuilder (RandomForestBuilder.java:66) - Building random forest with 5 trees
2015-02-06 12:36:22.445 INFO  q.s.c.r.RandomForestBuilder (RandomForestBuilder.java:66) - Building random forest with 5 trees
2015-02-06 12:36:22.790 INFO  q.s.a.o.CrossValidator (CrossValidator.java:34) - Loss 0.22530172537138854 for config {penalizeCategoricalSplitsBySplitAttributeInformationValue=true, maxDepth=6, minLeafInstances=0, minScore=0.0, minCatAttrOcc=5, scorer=MSEScorer{cvic=0.0}, ignoreAttrProb=0.9, numTrees=5}
2015-02-06 12:36:22.794 INFO  q.s.c.r.RandomForestBuilder (RandomForestBuilder.java:66) - Building random forest with 5 trees
2015-02-06 12:36:22.994 INFO  q.s.c.r.RandomForestBuilder (RandomForestBuilder.java:66) - Building random forest with 5 trees
2015-02-06 12:36:23.279 INFO  q.s.c.r.RandomForestBuilder (RandomForestBuilder.java:66) - Building random forest with 5 trees
2015-02-06 12:36:23.588 INFO  q.s.a.o.CrossValidator (CrossValidator.java:34) - Loss 0.22515595904817792 for config {penalizeCategoricalSplitsBySplitAttributeInformationValue=true, maxDepth=6, minLeafInstances=0, minScore=0.0, minCatAttrOcc=5, scorer=MSEScorer{cvic=1.0}, ignoreAttrProb=0.9, numTrees=5}
2015-02-06 12:36:23.591 INFO  q.s.c.r.RandomForestBuilder (RandomForestBuilder.java:66) - Building random forest with 5 trees
2015-02-06 12:36:23.774 INFO  q.s.c.r.RandomForestBuilder (RandomForestBuilder.java:66) - Building random forest with 5 trees
2015-02-06 12:36:24.033 INFO  q.s.c.r.RandomForestBuilder (RandomForestBuilder.java:66) - Building random forest with 5 trees
2015-02-06 12:36:24.344 INFO  q.s.a.o.CrossValidator (CrossValidator.java:34) - Loss 0.22582758117227003 for config {penalizeCategoricalSplitsBySplitAttributeInformationValue=true, maxDepth=6, minLeafInstances=0, minScore=0.0, minCatAttrOcc=5, scorer=SplitDiffScorer, ignoreAttrProb=0.9, numTrees=5}
2015-02-06 12:36:24.347 INFO  q.s.c.r.RandomForestBuilder (RandomForestBuilder.java:66) - Building random forest with 5 trees
2015-02-06 12:36:24.546 INFO  q.s.c.r.RandomForestBuilder (RandomForestBuilder.java:66) - Building random forest with 5 trees
2015-02-06 12:36:24.788 INFO  q.s.c.r.RandomForestBuilder (RandomForestBuilder.java:66) - Building random forest with 5 trees
2015-02-06 12:36:25.136 INFO  q.s.a.o.CrossValidator (CrossValidator.java:34) - Loss 0.22568348965970653 for config {penalizeCategoricalSplitsBySplitAttributeInformationValue=true, maxDepth=6, minLeafInstances=0, minScore=0.0, minCatAttrOcc=5, scorer=InformationGain, ignoreAttrProb=0.9, numTrees=5}
2015-02-06 12:36:25.139 INFO  q.s.c.r.RandomForestBuilder (RandomForestBuilder.java:66) - Building random forest with 5 trees
2015-02-06 12:36:25.346 INFO  q.s.c.r.RandomForestBuilder (RandomForestBuilder.java:66) - Building random forest with 5 trees
2015-02-06 12:36:25.613 INFO  q.s.c.r.RandomForestBuilder (RandomForestBuilder.java:66) - Building random forest with 5 trees
2015-02-06 12:36:25.992 INFO  q.s.a.o.CrossValidator (CrossValidator.java:34) - Loss 0.22494932340836882 for config {penalizeCategoricalSplitsBySplitAttributeInformationValue=true, maxDepth=6, minLeafInstances=0, minScore=0.0, minCatAttrOcc=5, scorer=GiniImpurity, ignoreAttrProb=0.9, numTrees=5}
2015-02-06 12:36:25.995 INFO  q.s.c.r.RandomForestBuilder (RandomForestBuilder.java:66) - Building random forest with 5 trees
2015-02-06 12:36:26.509 INFO  q.s.c.r.RandomForestBuilder (RandomForestBuilder.java:66) - Building random forest with 5 trees
2015-02-06 12:36:27.149 INFO  q.s.c.r.RandomForestBuilder (RandomForestBuilder.java:66) - Building random forest with 5 trees
2015-02-06 12:36:28.130 INFO  q.s.a.o.CrossValidator (CrossValidator.java:34) - Loss 0.22561040059842782 for config {penalizeCategoricalSplitsBySplitAttributeInformationValue=true, maxDepth=6, minLeafInstances=0, minScore=0.0, minCatAttrOcc=5, scorer=GiniImpurity, ignoreAttrProb=0.5, numTrees=5}
2015-02-06 12:36:28.134 INFO  q.s.c.r.RandomForestBuilder (RandomForestBuilder.java:66) - Building random forest with 5 trees
2015-02-06 12:36:29.079 INFO  q.s.c.r.RandomForestBuilder (RandomForestBuilder.java:66) - Building random forest with 5 trees
2015-02-06 12:36:30.209 INFO  q.s.c.r.RandomForestBuilder (RandomForestBuilder.java:66) - Building random forest with 5 trees
2015-02-06 12:36:31.735 INFO  q.s.a.o.CrossValidator (CrossValidator.java:34) - Loss 0.2277087737832315 for config {penalizeCategoricalSplitsBySplitAttributeInformationValue=true, maxDepth=6, minLeafInstances=0, minScore=0.0, minCatAttrOcc=5, scorer=GiniImpurity, ignoreAttrProb=0.0, numTrees=5}
2015-02-06 12:36:31.740 INFO  q.s.c.r.RandomForestBuilder (RandomForestBuilder.java:66) - Building random forest with 5 trees
2015-02-06 12:36:32.584 INFO  q.s.c.r.RandomForestBuilder (RandomForestBuilder.java:66) - Building random forest with 5 trees
2015-02-06 12:36:33.741 INFO  q.s.c.r.RandomForestBuilder (RandomForestBuilder.java:66) - Building random forest with 5 trees
2015-02-06 12:36:35.197 INFO  q.s.a.o.CrossValidator (CrossValidator.java:34) - Loss 0.22678948452168768 for config {penalizeCategoricalSplitsBySplitAttributeInformationValue=true, maxDepth=6, minLeafInstances=0, minScore=0.0, minCatAttrOcc=5, scorer=GiniImpurity, ignoreAttrProb=0.1, numTrees=5}
2015-02-06 12:36:35.201 INFO  q.s.c.r.RandomForestBuilder (RandomForestBuilder.java:66) - Building random forest with 5 trees
2015-02-06 12:36:36.081 INFO  q.s.c.r.RandomForestBuilder (RandomForestBuilder.java:66) - Building random forest with 5 trees
2015-02-06 12:36:37.298 INFO  q.s.c.r.RandomForestBuilder (RandomForestBuilder.java:66) - Building random forest with 5 trees
2015-02-06 12:36:38.661 INFO  q.s.a.o.CrossValidator (CrossValidator.java:34) - Loss 0.22641870934821032 for config {penalizeCategoricalSplitsBySplitAttributeInformationValue=true, maxDepth=6, minLeafInstances=0, minScore=0.0, minCatAttrOcc=5, scorer=GiniImpurity, ignoreAttrProb=0.2, numTrees=5}
2015-02-06 12:36:38.665 INFO  q.s.c.r.RandomForestBuilder (RandomForestBuilder.java:66) - Building random forest with 5 trees
2015-02-06 12:36:39.238 INFO  q.s.c.r.RandomForestBuilder (RandomForestBuilder.java:66) - Building random forest with 5 trees
2015-02-06 12:36:40.004 INFO  q.s.c.r.RandomForestBuilder (RandomForestBuilder.java:66) - Building random forest with 5 trees
2015-02-06 12:36:41.114 INFO  q.s.a.o.CrossValidator (CrossValidator.java:34) - Loss 0.2251616988782376 for config {penalizeCategoricalSplitsBySplitAttributeInformationValue=true, maxDepth=6, minLeafInstances=0, minScore=0.0, minCatAttrOcc=5, scorer=GiniImpurity, ignoreAttrProb=0.4, numTrees=5}
2015-02-06 12:36:41.117 INFO  q.s.c.r.RandomForestBuilder (RandomForestBuilder.java:66) - Building random forest with 5 trees
2015-02-06 12:36:41.485 INFO  q.s.c.r.RandomForestBuilder (RandomForestBuilder.java:66) - Building random forest with 5 trees
2015-02-06 12:36:41.936 INFO  q.s.c.r.RandomForestBuilder (RandomForestBuilder.java:66) - Building random forest with 5 trees
2015-02-06 12:36:42.621 INFO  q.s.a.o.CrossValidator (CrossValidator.java:34) - Loss 0.22524441129543715 for config {penalizeCategoricalSplitsBySplitAttributeInformationValue=true, maxDepth=6, minLeafInstances=0, minScore=0.0, minCatAttrOcc=5, scorer=GiniImpurity, ignoreAttrProb=0.7, numTrees=5}
2015-02-06 12:36:42.624 INFO  q.s.c.r.RandomForestBuilder (RandomForestBuilder.java:66) - Building random forest with 5 trees
2015-02-06 12:36:42.901 INFO  q.s.c.r.RandomForestBuilder (RandomForestBuilder.java:66) - Building random forest with 5 trees
2015-02-06 12:36:43.291 INFO  q.s.c.r.RandomForestBuilder (RandomForestBuilder.java:66) - Building random forest with 5 trees
2015-02-06 12:36:43.795 INFO  q.s.a.o.CrossValidator (CrossValidator.java:34) - Loss 0.22516938760776264 for config {penalizeCategoricalSplitsBySplitAttributeInformationValue=true, maxDepth=6, minLeafInstances=0, minScore=0.0, minCatAttrOcc=5, scorer=GiniImpurity, ignoreAttrProb=0.8, numTrees=5}
2015-02-06 12:36:43.798 INFO  q.s.c.r.RandomForestBuilder (RandomForestBuilder.java:66) - Building random forest with 5 trees
2015-02-06 12:36:44.004 INFO  q.s.c.r.RandomForestBuilder (RandomForestBuilder.java:66) - Building random forest with 5 trees
2015-02-06 12:36:44.273 INFO  q.s.c.r.RandomForestBuilder (RandomForestBuilder.java:66) - Building random forest with 5 trees
2015-02-06 12:36:44.587 INFO  q.s.a.o.CrossValidator (CrossValidator.java:34) - Loss 0.22529620721611 for config {penalizeCategoricalSplitsBySplitAttributeInformationValue=true, maxDepth=6, minLeafInstances=0, minScore=0.0, minCatAttrOcc=5, scorer=GiniImpurity, ignoreAttrProb=0.9, numTrees=5}
2015-02-06 12:36:44.589 INFO  q.s.c.r.RandomForestBuilder (RandomForestBuilder.java:66) - Building random forest with 5 trees
2015-02-06 12:36:44.718 INFO  q.s.c.r.RandomForestBuilder (RandomForestBuilder.java:66) - Building random forest with 5 trees
2015-02-06 12:36:44.897 INFO  q.s.c.r.RandomForestBuilder (RandomForestBuilder.java:66) - Building random forest with 5 trees
2015-02-06 12:36:45.098 INFO  q.s.a.o.CrossValidator (CrossValidator.java:34) - Loss 0.22564508507020908 for config {penalizeCategoricalSplitsBySplitAttributeInformationValue=true, maxDepth=6, minLeafInstances=0, minScore=0.0, minCatAttrOcc=5, scorer=GiniImpurity, ignoreAttrProb=0.95, numTrees=5}
2015-02-06 12:36:45.101 INFO  q.s.c.r.RandomForestBuilder (RandomForestBuilder.java:66) - Building random forest with 5 trees
2015-02-06 12:36:45.148 INFO  q.s.c.r.RandomForestBuilder (RandomForestBuilder.java:66) - Building random forest with 5 trees
2015-02-06 12:36:45.257 INFO  q.s.c.r.RandomForestBuilder (RandomForestBuilder.java:66) - Building random forest with 5 trees
2015-02-06 12:36:45.414 INFO  q.s.a.o.CrossValidator (CrossValidator.java:34) - Loss 0.2266013592752642 for config {penalizeCategoricalSplitsBySplitAttributeInformationValue=true, maxDepth=6, minLeafInstances=0, minScore=0.0, minCatAttrOcc=5, scorer=GiniImpurity, ignoreAttrProb=0.99, numTrees=5}
2015-02-06 12:36:45.417 INFO  q.s.c.r.RandomForestBuilder (RandomForestBuilder.java:66) - Building random forest with 5 trees
2015-02-06 12:36:46.028 INFO  q.s.c.r.RandomForestBuilder (RandomForestBuilder.java:66) - Building random forest with 5 trees
2015-02-06 12:36:46.769 INFO  q.s.c.r.RandomForestBuilder (RandomForestBuilder.java:66) - Building random forest with 5 trees
2015-02-06 12:36:47.820 INFO  q.s.a.o.CrossValidator (CrossValidator.java:34) - Loss 0.22536471024405846 for config {penalizeCategoricalSplitsBySplitAttributeInformationValue=true, maxDepth=6, minLeafInstances=0, minScore=0.0, minCatAttrOcc=5, scorer=GiniImpurity, ignoreAttrProb=0.4, numTrees=5}
2015-02-06 12:36:47.823 INFO  q.s.c.r.RandomForestBuilder (RandomForestBuilder.java:66) - Building random forest with 10 trees
2015-02-06 12:36:49.125 INFO  q.s.c.r.RandomForestBuilder (RandomForestBuilder.java:66) - Building random forest with 10 trees
2015-02-06 12:36:50.779 INFO  q.s.c.r.RandomForestBuilder (RandomForestBuilder.java:66) - Building random forest with 10 trees
2015-02-06 12:36:52.936 INFO  q.s.a.o.CrossValidator (CrossValidator.java:34) - Loss 0.22575050715087164 for config {penalizeCategoricalSplitsBySplitAttributeInformationValue=true, maxDepth=6, minLeafInstances=0, minScore=0.0, minCatAttrOcc=5, scorer=GiniImpurity, ignoreAttrProb=0.4, numTrees=10}
2015-02-06 12:36:52.936 INFO  q.s.a.o.PredictiveModelOptimizer2 (PredictiveModelOptimizer2.java:43) - Starting iteration - 2
2015-02-06 12:36:52.939 INFO  q.s.c.r.RandomForestBuilder (RandomForestBuilder.java:66) - Building random forest with 5 trees
2015-02-06 12:36:53.563 INFO  q.s.c.r.RandomForestBuilder (RandomForestBuilder.java:66) - Building random forest with 5 trees
2015-02-06 12:36:54.347 INFO  q.s.c.r.RandomForestBuilder (RandomForestBuilder.java:66) - Building random forest with 5 trees
2015-02-06 12:36:55.391 INFO  q.s.a.o.CrossValidator (CrossValidator.java:34) - Loss 0.22574171669949594 for config {penalizeCategoricalSplitsBySplitAttributeInformationValue=true, maxDepth=6, minLeafInstances=0, minScore=0.0, minCatAttrOcc=5, scorer=GiniImpurity, ignoreAttrProb=0.4, numTrees=5}
2015-02-06 12:36:55.395 INFO  q.s.c.r.RandomForestBuilder (RandomForestBuilder.java:66) - Building random forest with 5 trees
2015-02-06 12:36:56.005 INFO  q.s.c.r.RandomForestBuilder (RandomForestBuilder.java:66) - Building random forest with 5 trees
2015-02-06 12:36:56.763 INFO  q.s.c.r.RandomForestBuilder (RandomForestBuilder.java:66) - Building random forest with 5 trees
2015-02-06 12:36:57.866 INFO  q.s.a.o.CrossValidator (CrossValidator.java:34) - Loss 0.22752978705634086 for config {penalizeCategoricalSplitsBySplitAttributeInformationValue=false, maxDepth=6, minLeafInstances=0, minScore=0.0, minCatAttrOcc=5, scorer=GiniImpurity, ignoreAttrProb=0.4, numTrees=5}
2015-02-06 12:36:57.870 INFO  q.s.c.r.RandomForestBuilder (RandomForestBuilder.java:66) - Building random forest with 5 trees
2015-02-06 12:36:58.508 INFO  q.s.c.r.RandomForestBuilder (RandomForestBuilder.java:66) - Building random forest with 5 trees
2015-02-06 12:36:59.341 INFO  q.s.c.r.RandomForestBuilder (RandomForestBuilder.java:66) - Building random forest with 5 trees
2015-02-06 12:37:00.466 INFO  q.s.a.o.CrossValidator (CrossValidator.java:34) - Loss 0.22535889776499107 for config {penalizeCategoricalSplitsBySplitAttributeInformationValue=true, maxDepth=6, minLeafInstances=0, minScore=0.0, minCatAttrOcc=5, scorer=GiniImpurity, ignoreAttrProb=0.4, numTrees=5}
2015-02-06 12:37:00.469 INFO  q.s.c.r.RandomForestBuilder (RandomForestBuilder.java:66) - Building random forest with 5 trees
2015-02-06 12:37:01.067 INFO  q.s.c.r.RandomForestBuilder (RandomForestBuilder.java:66) - Building random forest with 5 trees
2015-02-06 12:37:01.871 INFO  q.s.c.r.RandomForestBuilder (RandomForestBuilder.java:66) - Building random forest with 5 trees
2015-02-06 12:37:02.969 INFO  q.s.a.o.CrossValidator (CrossValidator.java:34) - Loss 0.22530598981473862 for config {penalizeCategoricalSplitsBySplitAttributeInformationValue=true, maxDepth=6, minLeafInstances=10, minScore=0.0, minCatAttrOcc=5, scorer=GiniImpurity, ignoreAttrProb=0.4, numTrees=5}
2015-02-06 12:37:02.973 INFO  q.s.c.r.RandomForestBuilder (RandomForestBuilder.java:66) - Building random forest with 5 trees
2015-02-06 12:37:03.560 INFO  q.s.c.r.RandomForestBuilder (RandomForestBuilder.java:66) - Building random forest with 5 trees
2015-02-06 12:37:04.357 INFO  q.s.c.r.RandomForestBuilder (RandomForestBuilder.java:66) - Building random forest with 5 trees
2015-02-06 12:37:05.471 INFO  q.s.a.o.CrossValidator (CrossValidator.java:34) - Loss 0.22504875319489143 for config {penalizeCategoricalSplitsBySplitAttributeInformationValue=true, maxDepth=6, minLeafInstances=100, minScore=0.0, minCatAttrOcc=5, scorer=GiniImpurity, ignoreAttrProb=0.4, numTrees=5}
2015-02-06 12:37:05.475 INFO  q.s.c.r.RandomForestBuilder (RandomForestBuilder.java:66) - Building random forest with 5 trees
2015-02-06 12:37:06.274 INFO  q.s.c.r.RandomForestBuilder (RandomForestBuilder.java:66) - Building random forest with 5 trees
2015-02-06 12:37:07.351 INFO  q.s.c.r.RandomForestBuilder (RandomForestBuilder.java:66) - Building random forest with 5 trees
2015-02-06 12:37:09.055 INFO  q.s.a.o.CrossValidator (CrossValidator.java:34) - Loss 0.22539262279818573 for config {penalizeCategoricalSplitsBySplitAttributeInformationValue=true, maxDepth=2147483647, minLeafInstances=100, minScore=0.0, minCatAttrOcc=5, scorer=GiniImpurity, ignoreAttrProb=0.4, numTrees=5}
2015-02-06 12:37:09.059 INFO  q.s.c.r.RandomForestBuilder (RandomForestBuilder.java:66) - Building random forest with 5 trees
2015-02-06 12:37:09.306 INFO  q.s.c.r.RandomForestBuilder (RandomForestBuilder.java:66) - Building random forest with 5 trees
2015-02-06 12:37:09.613 INFO  q.s.c.r.RandomForestBuilder (RandomForestBuilder.java:66) - Building random forest with 5 trees
2015-02-06 12:37:10.002 INFO  q.s.a.o.CrossValidator (CrossValidator.java:34) - Loss 0.2257462116022366 for config {penalizeCategoricalSplitsBySplitAttributeInformationValue=true, maxDepth=2, minLeafInstances=100, minScore=0.0, minCatAttrOcc=5, scorer=GiniImpurity, ignoreAttrProb=0.4, numTrees=5}
2015-02-06 12:37:10.005 INFO  q.s.c.r.RandomForestBuilder (RandomForestBuilder.java:66) - Building random forest with 5 trees
2015-02-06 12:37:10.340 INFO  q.s.c.r.RandomForestBuilder (RandomForestBuilder.java:66) - Building random forest with 5 trees
2015-02-06 12:37:10.867 INFO  q.s.c.r.RandomForestBuilder (RandomForestBuilder.java:66) - Building random forest with 5 trees
2015-02-06 12:37:11.568 INFO  q.s.a.o.CrossValidator (CrossValidator.java:34) - Loss 0.22549555364938717 for config {penalizeCategoricalSplitsBySplitAttributeInformationValue=true, maxDepth=3, minLeafInstances=100, minScore=0.0, minCatAttrOcc=5, scorer=GiniImpurity, ignoreAttrProb=0.4, numTrees=5}
2015-02-06 12:37:11.573 INFO  q.s.c.r.RandomForestBuilder (RandomForestBuilder.java:66) - Building random forest with 5 trees
2015-02-06 12:37:12.085 INFO  q.s.c.r.RandomForestBuilder (RandomForestBuilder.java:66) - Building random forest with 5 trees
2015-02-06 12:37:12.773 INFO  q.s.c.r.RandomForestBuilder (RandomForestBuilder.java:66) - Building random forest with 5 trees
2015-02-06 12:37:13.912 INFO  q.s.a.o.CrossValidator (CrossValidator.java:34) - Loss 0.22558733900849487 for config {penalizeCategoricalSplitsBySplitAttributeInformationValue=true, maxDepth=5, minLeafInstances=100, minScore=0.0, minCatAttrOcc=5, scorer=GiniImpurity, ignoreAttrProb=0.4, numTrees=5}
2015-02-06 12:37:13.916 INFO  q.s.c.r.RandomForestBuilder (RandomForestBuilder.java:66) - Building random forest with 5 trees
2015-02-06 12:37:14.512 INFO  q.s.c.r.RandomForestBuilder (RandomForestBuilder.java:66) - Building random forest with 5 trees
2015-02-06 12:37:15.401 INFO  q.s.c.r.RandomForestBuilder (RandomForestBuilder.java:66) - Building random forest with 5 trees
2015-02-06 12:37:16.374 INFO  q.s.a.o.CrossValidator (CrossValidator.java:34) - Loss 0.22532073194420227 for config {penalizeCategoricalSplitsBySplitAttributeInformationValue=true, maxDepth=6, minLeafInstances=100, minScore=0.0, minCatAttrOcc=5, scorer=GiniImpurity, ignoreAttrProb=0.4, numTrees=5}
2015-02-06 12:37:16.378 INFO  q.s.c.r.RandomForestBuilder (RandomForestBuilder.java:66) - Building random forest with 5 trees
2015-02-06 12:37:17.070 INFO  q.s.c.r.RandomForestBuilder (RandomForestBuilder.java:66) - Building random forest with 5 trees
2015-02-06 12:37:18.086 INFO  q.s.c.r.RandomForestBuilder (RandomForestBuilder.java:66) - Building random forest with 5 trees
2015-02-06 12:37:19.533 INFO  q.s.a.o.CrossValidator (CrossValidator.java:34) - Loss 0.22550583509010547 for config {penalizeCategoricalSplitsBySplitAttributeInformationValue=true, maxDepth=9, minLeafInstances=100, minScore=0.0, minCatAttrOcc=5, scorer=GiniImpurity, ignoreAttrProb=0.4, numTrees=5}
2015-02-06 12:37:19.537 INFO  q.s.c.r.RandomForestBuilder (RandomForestBuilder.java:66) - Building random forest with 5 trees
2015-02-06 12:37:20.205 INFO  q.s.c.r.RandomForestBuilder (RandomForestBuilder.java:66) - Building random forest with 5 trees
2015-02-06 12:37:21.273 INFO  q.s.c.r.RandomForestBuilder (RandomForestBuilder.java:66) - Building random forest with 5 trees
2015-02-06 12:37:22.522 INFO  q.s.a.o.CrossValidator (CrossValidator.java:34) - Loss 0.2253456797158008 for config {penalizeCategoricalSplitsBySplitAttributeInformationValue=true, maxDepth=6, minLeafInstances=100, minScore=1.0E-14, minCatAttrOcc=5, scorer=GiniImpurity, ignoreAttrProb=0.4, numTrees=5}
2015-02-06 12:37:22.525 INFO  q.s.c.r.RandomForestBuilder (RandomForestBuilder.java:66) - Building random forest with 5 trees
2015-02-06 12:37:23.106 INFO  q.s.c.r.RandomForestBuilder (RandomForestBuilder.java:66) - Building random forest with 5 trees
2015-02-06 12:37:23.846 INFO  q.s.c.r.RandomForestBuilder (RandomForestBuilder.java:66) - Building random forest with 5 trees
2015-02-06 12:37:24.988 INFO  q.s.a.o.CrossValidator (CrossValidator.java:34) - Loss 0.22558453662841832 for config {penalizeCategoricalSplitsBySplitAttributeInformationValue=true, maxDepth=6, minLeafInstances=100, minScore=4.9E-324, minCatAttrOcc=5, scorer=GiniImpurity, ignoreAttrProb=0.4, numTrees=5}
2015-02-06 12:37:24.991 INFO  q.s.c.r.RandomForestBuilder (RandomForestBuilder.java:66) - Building random forest with 5 trees
2015-02-06 12:37:25.545 INFO  q.s.c.r.RandomForestBuilder (RandomForestBuilder.java:66) - Building random forest with 5 trees
2015-02-06 12:37:26.383 INFO  q.s.c.r.RandomForestBuilder (RandomForestBuilder.java:66) - Building random forest with 5 trees
2015-02-06 12:37:27.686 INFO  q.s.a.o.CrossValidator (CrossValidator.java:34) - Loss 0.22555519995659412 for config {penalizeCategoricalSplitsBySplitAttributeInformationValue=true, maxDepth=6, minLeafInstances=100, minScore=0.0, minCatAttrOcc=5, scorer=GiniImpurity, ignoreAttrProb=0.4, numTrees=5}
2015-02-06 12:37:27.689 INFO  q.s.c.r.RandomForestBuilder (RandomForestBuilder.java:66) - Building random forest with 5 trees
2015-02-06 12:37:28.371 INFO  q.s.c.r.RandomForestBuilder (RandomForestBuilder.java:66) - Building random forest with 5 trees
2015-02-06 12:37:29.521 INFO  q.s.c.r.RandomForestBuilder (RandomForestBuilder.java:66) - Building random forest with 5 trees
2015-02-06 12:37:30.726 INFO  q.s.a.o.CrossValidator (CrossValidator.java:34) - Loss 0.22559767455323396 for config {penalizeCategoricalSplitsBySplitAttributeInformationValue=true, maxDepth=6, minLeafInstances=100, minScore=1.0E-6, minCatAttrOcc=5, scorer=GiniImpurity, ignoreAttrProb=0.4, numTrees=5}
2015-02-06 12:37:30.729 INFO  q.s.c.r.RandomForestBuilder (RandomForestBuilder.java:66) - Building random forest with 5 trees
2015-02-06 12:37:31.279 INFO  q.s.c.r.RandomForestBuilder (RandomForestBuilder.java:66) - Building random forest with 5 trees
2015-02-06 12:37:31.990 INFO  q.s.c.r.RandomForestBuilder (RandomForestBuilder.java:66) - Building random forest with 5 trees
2015-02-06 12:37:32.961 INFO  q.s.a.o.CrossValidator (CrossValidator.java:34) - Loss 0.22554914467655554 for config {penalizeCategoricalSplitsBySplitAttributeInformationValue=true, maxDepth=6, minLeafInstances=100, minScore=1.0E-4, minCatAttrOcc=5, scorer=GiniImpurity, ignoreAttrProb=0.4, numTrees=5}
2015-02-06 12:37:32.965 INFO  q.s.c.r.RandomForestBuilder (RandomForestBuilder.java:66) - Building random forest with 5 trees
2015-02-06 12:37:33.184 INFO  q.s.c.r.RandomForestBuilder (RandomForestBuilder.java:66) - Building random forest with 5 trees
2015-02-06 12:37:33.473 INFO  q.s.c.r.RandomForestBuilder (RandomForestBuilder.java:66) - Building random forest with 5 trees
2015-02-06 12:37:33.885 INFO  q.s.a.o.CrossValidator (CrossValidator.java:34) - Loss 0.2263769630315307 for config {penalizeCategoricalSplitsBySplitAttributeInformationValue=true, maxDepth=6, minLeafInstances=100, minScore=0.001, minCatAttrOcc=5, scorer=GiniImpurity, ignoreAttrProb=0.4, numTrees=5}
2015-02-06 12:37:33.889 INFO  q.s.c.r.RandomForestBuilder (RandomForestBuilder.java:66) - Building random forest with 5 trees
2015-02-06 12:37:34.022 INFO  q.s.c.r.RandomForestBuilder (RandomForestBuilder.java:66) - Building random forest with 5 trees
2015-02-06 12:37:34.201 INFO  q.s.c.r.RandomForestBuilder (RandomForestBuilder.java:66) - Building random forest with 5 trees
2015-02-06 12:37:34.441 INFO  q.s.a.o.CrossValidator (CrossValidator.java:34) - Loss 0.2265648902269918 for config {penalizeCategoricalSplitsBySplitAttributeInformationValue=true, maxDepth=6, minLeafInstances=100, minScore=0.01, minCatAttrOcc=5, scorer=GiniImpurity, ignoreAttrProb=0.4, numTrees=5}
2015-02-06 12:37:34.445 INFO  q.s.c.r.RandomForestBuilder (RandomForestBuilder.java:66) - Building random forest with 5 trees
2015-02-06 12:37:34.586 INFO  q.s.c.r.RandomForestBuilder (RandomForestBuilder.java:66) - Building random forest with 5 trees
2015-02-06 12:37:34.779 INFO  q.s.c.r.RandomForestBuilder (RandomForestBuilder.java:66) - Building random forest with 5 trees
2015-02-06 12:37:34.997 INFO  q.s.a.o.CrossValidator (CrossValidator.java:34) - Loss 0.2265648902269918 for config {penalizeCategoricalSplitsBySplitAttributeInformationValue=true, maxDepth=6, minLeafInstances=100, minScore=0.1, minCatAttrOcc=5, scorer=GiniImpurity, ignoreAttrProb=0.4, numTrees=5}
2015-02-06 12:37:34.999 INFO  q.s.c.r.RandomForestBuilder (RandomForestBuilder.java:66) - Building random forest with 5 trees
2015-02-06 12:37:35.533 INFO  q.s.c.r.RandomForestBuilder (RandomForestBuilder.java:66) - Building random forest with 5 trees
2015-02-06 12:37:36.384 INFO  q.s.c.r.RandomForestBuilder (RandomForestBuilder.java:66) - Building random forest with 5 trees
2015-02-06 12:37:37.303 INFO  q.s.a.o.CrossValidator (CrossValidator.java:34) - Loss 0.22580289670879952 for config {penalizeCategoricalSplitsBySplitAttributeInformationValue=true, maxDepth=6, minLeafInstances=100, minScore=1.0E-14, minCatAttrOcc=5, scorer=GiniImpurity, ignoreAttrProb=0.4, numTrees=5}
2015-02-06 12:37:37.306 INFO  q.s.c.r.RandomForestBuilder (RandomForestBuilder.java:66) - Building random forest with 5 trees
2015-02-06 12:37:37.702 INFO  q.s.c.r.RandomForestBuilder (RandomForestBuilder.java:66) - Building random forest with 5 trees
2015-02-06 12:37:38.322 INFO  q.s.c.r.RandomForestBuilder (RandomForestBuilder.java:66) - Building random forest with 5 trees
2015-02-06 12:37:39.318 INFO  q.s.a.o.CrossValidator (CrossValidator.java:34) - Loss 0.23189342347502742 for config {penalizeCategoricalSplitsBySplitAttributeInformationValue=true, maxDepth=6, minLeafInstances=100, minScore=1.0E-14, minCatAttrOcc=0, scorer=GiniImpurity, ignoreAttrProb=0.4, numTrees=5}
2015-02-06 12:37:39.322 INFO  q.s.c.r.RandomForestBuilder (RandomForestBuilder.java:66) - Building random forest with 5 trees
2015-02-06 12:37:39.916 INFO  q.s.c.r.RandomForestBuilder (RandomForestBuilder.java:66) - Building random forest with 5 trees
2015-02-06 12:37:40.730 INFO  q.s.c.r.RandomForestBuilder (RandomForestBuilder.java:66) - Building random forest with 5 trees
2015-02-06 12:37:41.910 INFO  q.s.a.o.CrossValidator (CrossValidator.java:34) - Loss 0.23487972298197776 for config {penalizeCategoricalSplitsBySplitAttributeInformationValue=true, maxDepth=6, minLeafInstances=100, minScore=1.0E-14, minCatAttrOcc=1, scorer=GiniImpurity, ignoreAttrProb=0.4, numTrees=5}
2015-02-06 12:37:41.913 INFO  q.s.c.r.RandomForestBuilder (RandomForestBuilder.java:66) - Building random forest with 5 trees
2015-02-06 12:37:42.408 INFO  q.s.c.r.RandomForestBuilder (RandomForestBuilder.java:66) - Building random forest with 5 trees
2015-02-06 12:37:43.058 INFO  q.s.c.r.RandomForestBuilder (RandomForestBuilder.java:66) - Building random forest with 5 trees
2015-02-06 12:37:43.959 INFO  q.s.a.o.CrossValidator (CrossValidator.java:34) - Loss 0.22576920349563798 for config {penalizeCategoricalSplitsBySplitAttributeInformationValue=true, maxDepth=6, minLeafInstances=100, minScore=1.0E-14, minCatAttrOcc=64, scorer=GiniImpurity, ignoreAttrProb=0.4, numTrees=5}
2015-02-06 12:37:43.964 INFO  q.s.c.r.RandomForestBuilder (RandomForestBuilder.java:66) - Building random forest with 5 trees
2015-02-06 12:37:44.096 INFO  q.s.c.r.RandomForestBuilder (RandomForestBuilder.java:66) - Building random forest with 5 trees
2015-02-06 12:37:44.275 INFO  q.s.c.r.RandomForestBuilder (RandomForestBuilder.java:66) - Building random forest with 5 trees
2015-02-06 12:37:44.708 INFO  q.s.a.o.CrossValidator (CrossValidator.java:34) - Loss 0.2266313181275853 for config {penalizeCategoricalSplitsBySplitAttributeInformationValue=true, maxDepth=6, minLeafInstances=100, minScore=1.0E-14, minCatAttrOcc=1024, scorer=GiniImpurity, ignoreAttrProb=0.4, numTrees=5}
2015-02-06 12:37:44.712 INFO  q.s.c.r.RandomForestBuilder (RandomForestBuilder.java:66) - Building random forest with 5 trees
2015-02-06 12:37:44.842 INFO  q.s.c.r.RandomForestBuilder (RandomForestBuilder.java:66) - Building random forest with 5 trees
2015-02-06 12:37:45.027 INFO  q.s.c.r.RandomForestBuilder (RandomForestBuilder.java:66) - Building random forest with 5 trees
2015-02-06 12:37:45.258 INFO  q.s.a.o.CrossValidator (CrossValidator.java:34) - Loss 0.2265648902269918 for config {penalizeCategoricalSplitsBySplitAttributeInformationValue=true, maxDepth=6, minLeafInstances=100, minScore=1.0E-14, minCatAttrOcc=4098, scorer=GiniImpurity, ignoreAttrProb=0.4, numTrees=5}
2015-02-06 12:37:45.262 INFO  q.s.c.r.RandomForestBuilder (RandomForestBuilder.java:66) - Building random forest with 5 trees
2015-02-06 12:37:45.742 INFO  q.s.c.r.RandomForestBuilder (RandomForestBuilder.java:66) - Building random forest with 5 trees
2015-02-06 12:37:46.390 INFO  q.s.c.r.RandomForestBuilder (RandomForestBuilder.java:66) - Building random forest with 5 trees
2015-02-06 12:37:47.271 INFO  q.s.a.o.CrossValidator (CrossValidator.java:34) - Loss 0.22571475520799247 for config {penalizeCategoricalSplitsBySplitAttributeInformationValue=true, maxDepth=6, minLeafInstances=100, minScore=1.0E-14, minCatAttrOcc=64, scorer=MSEScorer{cvic=0.0}, ignoreAttrProb=0.4, numTrees=5}
2015-02-06 12:37:47.275 INFO  q.s.c.r.RandomForestBuilder (RandomForestBuilder.java:66) - Building random forest with 5 trees
2015-02-06 12:37:47.739 INFO  q.s.c.r.RandomForestBuilder (RandomForestBuilder.java:66) - Building random forest with 5 trees
2015-02-06 12:37:48.412 INFO  q.s.c.r.RandomForestBuilder (RandomForestBuilder.java:66) - Building random forest with 5 trees
2015-02-06 12:37:49.343 INFO  q.s.a.o.CrossValidator (CrossValidator.java:34) - Loss 0.22573275829528694 for config {penalizeCategoricalSplitsBySplitAttributeInformationValue=true, maxDepth=6, minLeafInstances=100, minScore=1.0E-14, minCatAttrOcc=64, scorer=MSEScorer{cvic=1.0}, ignoreAttrProb=0.4, numTrees=5}
2015-02-06 12:37:49.346 INFO  q.s.c.r.RandomForestBuilder (RandomForestBuilder.java:66) - Building random forest with 5 trees
2015-02-06 12:37:49.836 INFO  q.s.c.r.RandomForestBuilder (RandomForestBuilder.java:66) - Building random forest with 5 trees
2015-02-06 12:37:50.483 INFO  q.s.c.r.RandomForestBuilder (RandomForestBuilder.java:66) - Building random forest with 5 trees
2015-02-06 12:37:51.349 INFO  q.s.a.o.CrossValidator (CrossValidator.java:34) - Loss 0.2258416996717526 for config {penalizeCategoricalSplitsBySplitAttributeInformationValue=true, maxDepth=6, minLeafInstances=100, minScore=1.0E-14, minCatAttrOcc=64, scorer=SplitDiffScorer, ignoreAttrProb=0.4, numTrees=5}
2015-02-06 12:37:51.353 INFO  q.s.c.r.RandomForestBuilder (RandomForestBuilder.java:66) - Building random forest with 5 trees
2015-02-06 12:37:51.851 INFO  q.s.c.r.RandomForestBuilder (RandomForestBuilder.java:66) - Building random forest with 5 trees
2015-02-06 12:37:52.557 INFO  q.s.c.r.RandomForestBuilder (RandomForestBuilder.java:66) - Building random forest with 5 trees
2015-02-06 12:37:53.454 INFO  q.s.a.o.CrossValidator (CrossValidator.java:34) - Loss 0.22551830977420034 for config {penalizeCategoricalSplitsBySplitAttributeInformationValue=true, maxDepth=6, minLeafInstances=100, minScore=1.0E-14, minCatAttrOcc=64, scorer=InformationGain, ignoreAttrProb=0.4, numTrees=5}
2015-02-06 12:37:53.458 INFO  q.s.c.r.RandomForestBuilder (RandomForestBuilder.java:66) - Building random forest with 5 trees
2015-02-06 12:37:53.964 INFO  q.s.c.r.RandomForestBuilder (RandomForestBuilder.java:66) - Building random forest with 5 trees
2015-02-06 12:37:54.606 INFO  q.s.c.r.RandomForestBuilder (RandomForestBuilder.java:66) - Building random forest with 5 trees
2015-02-06 12:37:55.567 INFO  q.s.a.o.CrossValidator (CrossValidator.java:34) - Loss 0.22556299981365116 for config {penalizeCategoricalSplitsBySplitAttributeInformationValue=true, maxDepth=6, minLeafInstances=100, minScore=1.0E-14, minCatAttrOcc=64, scorer=GiniImpurity, ignoreAttrProb=0.4, numTrees=5}
2015-02-06 12:37:55.571 INFO  q.s.c.r.RandomForestBuilder (RandomForestBuilder.java:66) - Building random forest with 5 trees
2015-02-06 12:37:55.994 INFO  q.s.c.r.RandomForestBuilder (RandomForestBuilder.java:66) - Building random forest with 5 trees
2015-02-06 12:37:56.533 INFO  q.s.c.r.RandomForestBuilder (RandomForestBuilder.java:66) - Building random forest with 5 trees
2015-02-06 12:37:57.279 INFO  q.s.a.o.CrossValidator (CrossValidator.java:34) - Loss 0.2255934703089268 for config {penalizeCategoricalSplitsBySplitAttributeInformationValue=true, maxDepth=6, minLeafInstances=100, minScore=1.0E-14, minCatAttrOcc=64, scorer=InformationGain, ignoreAttrProb=0.5, numTrees=5}
2015-02-06 12:37:57.284 INFO  q.s.c.r.RandomForestBuilder (RandomForestBuilder.java:66) - Building random forest with 5 trees
2015-02-06 12:37:58.033 INFO  q.s.c.r.RandomForestBuilder (RandomForestBuilder.java:66) - Building random forest with 5 trees
2015-02-06 12:37:58.953 INFO  q.s.c.r.RandomForestBuilder (RandomForestBuilder.java:66) - Building random forest with 5 trees
2015-02-06 12:38:00.233 INFO  q.s.a.o.CrossValidator (CrossValidator.java:34) - Loss 0.22560622997234875 for config {penalizeCategoricalSplitsBySplitAttributeInformationValue=true, maxDepth=6, minLeafInstances=100, minScore=1.0E-14, minCatAttrOcc=64, scorer=InformationGain, ignoreAttrProb=0.0, numTrees=5}
2015-02-06 12:38:00.237 INFO  q.s.c.r.RandomForestBuilder (RandomForestBuilder.java:66) - Building random forest with 5 trees
2015-02-06 12:38:00.867 INFO  q.s.c.r.RandomForestBuilder (RandomForestBuilder.java:66) - Building random forest with 5 trees
2015-02-06 12:38:01.744 INFO  q.s.c.r.RandomForestBuilder (RandomForestBuilder.java:66) - Building random forest with 5 trees
2015-02-06 12:38:02.948 INFO  q.s.a.o.CrossValidator (CrossValidator.java:34) - Loss 0.22544037073991033 for config {penalizeCategoricalSplitsBySplitAttributeInformationValue=true, maxDepth=6, minLeafInstances=100, minScore=1.0E-14, minCatAttrOcc=64, scorer=InformationGain, ignoreAttrProb=0.1, numTrees=5}
2015-02-06 12:38:02.952 INFO  q.s.c.r.RandomForestBuilder (RandomForestBuilder.java:66) - Building random forest with 5 trees
2015-02-06 12:38:03.541 INFO  q.s.c.r.RandomForestBuilder (RandomForestBuilder.java:66) - Building random forest with 5 trees
2015-02-06 12:38:04.339 INFO  q.s.c.r.RandomForestBuilder (RandomForestBuilder.java:66) - Building random forest with 5 trees
2015-02-06 12:38:05.457 INFO  q.s.a.o.CrossValidator (CrossValidator.java:34) - Loss 0.22560780486910306 for config {penalizeCategoricalSplitsBySplitAttributeInformationValue=true, maxDepth=6, minLeafInstances=100, minScore=1.0E-14, minCatAttrOcc=64, scorer=InformationGain, ignoreAttrProb=0.2, numTrees=5}
2015-02-06 12:38:05.460 INFO  q.s.c.r.RandomForestBuilder (RandomForestBuilder.java:66) - Building random forest with 5 trees
2015-02-06 12:38:05.956 INFO  q.s.c.r.RandomForestBuilder (RandomForestBuilder.java:66) - Building random forest with 5 trees
2015-02-06 12:38:06.594 INFO  q.s.c.r.RandomForestBuilder (RandomForestBuilder.java:66) - Building random forest with 5 trees
2015-02-06 12:38:07.465 INFO  q.s.a.o.CrossValidator (CrossValidator.java:34) - Loss 0.22569217449505255 for config {penalizeCategoricalSplitsBySplitAttributeInformationValue=true, maxDepth=6, minLeafInstances=100, minScore=1.0E-14, minCatAttrOcc=64, scorer=InformationGain, ignoreAttrProb=0.4, numTrees=5}
2015-02-06 12:38:07.468 INFO  q.s.c.r.RandomForestBuilder (RandomForestBuilder.java:66) - Building random forest with 5 trees
2015-02-06 12:38:07.778 INFO  q.s.c.r.RandomForestBuilder (RandomForestBuilder.java:66) - Building random forest with 5 trees
2015-02-06 12:38:08.207 INFO  q.s.c.r.RandomForestBuilder (RandomForestBuilder.java:66) - Building random forest with 5 trees
2015-02-06 12:38:08.723 INFO  q.s.a.o.CrossValidator (CrossValidator.java:34) - Loss 0.2259347279219509 for config {penalizeCategoricalSplitsBySplitAttributeInformationValue=true, maxDepth=6, minLeafInstances=100, minScore=1.0E-14, minCatAttrOcc=64, scorer=InformationGain, ignoreAttrProb=0.7, numTrees=5}
2015-02-06 12:38:08.727 INFO  q.s.c.r.RandomForestBuilder (RandomForestBuilder.java:66) - Building random forest with 5 trees
2015-02-06 12:38:08.948 INFO  q.s.c.r.RandomForestBuilder (RandomForestBuilder.java:66) - Building random forest with 5 trees
2015-02-06 12:38:09.277 INFO  q.s.c.r.RandomForestBuilder (RandomForestBuilder.java:66) - Building random forest with 5 trees
2015-02-06 12:38:09.728 INFO  q.s.a.o.CrossValidator (CrossValidator.java:34) - Loss 0.22579781534160764 for config {penalizeCategoricalSplitsBySplitAttributeInformationValue=true, maxDepth=6, minLeafInstances=100, minScore=1.0E-14, minCatAttrOcc=64, scorer=InformationGain, ignoreAttrProb=0.8, numTrees=5}
2015-02-06 12:38:09.731 INFO  q.s.c.r.RandomForestBuilder (RandomForestBuilder.java:66) - Building random forest with 5 trees
2015-02-06 12:38:09.893 INFO  q.s.c.r.RandomForestBuilder (RandomForestBuilder.java:66) - Building random forest with 5 trees
2015-02-06 12:38:10.105 INFO  q.s.c.r.RandomForestBuilder (RandomForestBuilder.java:66) - Building random forest with 5 trees
2015-02-06 12:38:10.379 INFO  q.s.a.o.CrossValidator (CrossValidator.java:34) - Loss 0.2260165807308927 for config {penalizeCategoricalSplitsBySplitAttributeInformationValue=true, maxDepth=6, minLeafInstances=100, minScore=1.0E-14, minCatAttrOcc=64, scorer=InformationGain, ignoreAttrProb=0.9, numTrees=5}
2015-02-06 12:38:10.382 INFO  q.s.c.r.RandomForestBuilder (RandomForestBuilder.java:66) - Building random forest with 5 trees
2015-02-06 12:38:10.487 INFO  q.s.c.r.RandomForestBuilder (RandomForestBuilder.java:66) - Building random forest with 5 trees
2015-02-06 12:38:10.624 INFO  q.s.c.r.RandomForestBuilder (RandomForestBuilder.java:66) - Building random forest with 5 trees
2015-02-06 12:38:10.813 INFO  q.s.a.o.CrossValidator (CrossValidator.java:34) - Loss 0.2262155308449903 for config {penalizeCategoricalSplitsBySplitAttributeInformationValue=true, maxDepth=6, minLeafInstances=100, minScore=1.0E-14, minCatAttrOcc=64, scorer=InformationGain, ignoreAttrProb=0.95, numTrees=5}
2015-02-06 12:38:10.817 INFO  q.s.c.r.RandomForestBuilder (RandomForestBuilder.java:66) - Building random forest with 5 trees
2015-02-06 12:38:10.870 INFO  q.s.c.r.RandomForestBuilder (RandomForestBuilder.java:66) - Building random forest with 5 trees
2015-02-06 12:38:10.941 INFO  q.s.c.r.RandomForestBuilder (RandomForestBuilder.java:66) - Building random forest with 5 trees
2015-02-06 12:38:11.048 INFO  q.s.a.o.CrossValidator (CrossValidator.java:34) - Loss 0.22653485769207946 for config {penalizeCategoricalSplitsBySplitAttributeInformationValue=true, maxDepth=6, minLeafInstances=100, minScore=1.0E-14, minCatAttrOcc=64, scorer=InformationGain, ignoreAttrProb=0.99, numTrees=5}
2015-02-06 12:38:11.052 INFO  q.s.c.r.RandomForestBuilder (RandomForestBuilder.java:66) - Building random forest with 5 trees
2015-02-06 12:38:11.744 INFO  q.s.c.r.RandomForestBuilder (RandomForestBuilder.java:66) - Building random forest with 5 trees
2015-02-06 12:38:12.604 INFO  q.s.c.r.RandomForestBuilder (RandomForestBuilder.java:66) - Building random forest with 5 trees
2015-02-06 12:38:13.870 INFO  q.s.a.o.CrossValidator (CrossValidator.java:34) - Loss 0.22565340421653585 for config {penalizeCategoricalSplitsBySplitAttributeInformationValue=true, maxDepth=6, minLeafInstances=100, minScore=1.0E-14, minCatAttrOcc=64, scorer=InformationGain, ignoreAttrProb=0.1, numTrees=5}
2015-02-06 12:38:13.874 INFO  q.s.c.r.RandomForestBuilder (RandomForestBuilder.java:66) - Building random forest with 10 trees
2015-02-06 12:38:15.455 INFO  q.s.c.r.RandomForestBuilder (RandomForestBuilder.java:66) - Building random forest with 10 trees
2015-02-06 12:38:17.282 INFO  q.s.c.r.RandomForestBuilder (RandomForestBuilder.java:66) - Building random forest with 10 trees
2015-02-06 12:38:19.801 INFO  q.s.a.o.CrossValidator (CrossValidator.java:34) - Loss 0.22562403164296474 for config {penalizeCategoricalSplitsBySplitAttributeInformationValue=true, maxDepth=6, minLeafInstances=100, minScore=1.0E-14, minCatAttrOcc=64, scorer=InformationGain, ignoreAttrProb=0.1, numTrees=10}
optimalConfig = {penalizeCategoricalSplitsBySplitAttributeInformationValue=true, maxDepth=6, minLeafInstances=100, minScore=1.0E-14, minCatAttrOcc=64, scorer=InformationGain, ignoreAttrProb=0.1, numTrees=10}

Process finished with exit code 0
